#
# There is insufficient memory for the Java Runtime Environment to continue.
# Native memory allocation (mmap) failed to map 235929600 bytes for G1 virtual space
# Possible reasons:
#   The system is out of physical RAM or swap space
#   The process is running with CompressedOops enabled, and the Java Heap may be blocking the growth of the native heap
# Possible solutions:
#   Reduce memory load on the system
#   Increase physical memory or swap space
#   Check if swap backing store is full
#   Decrease Java heap size (-Xmx/-Xms)
#   Decrease number of Java threads
#   Decrease Java thread stack sizes (-Xss)
#   Set larger code cache with -XX:ReservedCodeCacheSize=
#   JVM is running with Unscaled Compressed Oops mode in which the Java heap is
#     placed in the first 4GB address space. The Java Heap base address is the
#     maximum limit for the native heap growth. Please use -XX:HeapBaseMinAddress
#     to set the Java Heap base and to place the Java Heap above 4GB virtual address.
# This output file may be truncated or incomplete.
#
#  Out of Memory Error (os_windows.cpp:3769), pid=20604, tid=20044
#
# JRE version: OpenJDK Runtime Environment (17.0.6) (build 17.0.6+0-b2043.56-10027231)
# Java VM: OpenJDK 64-Bit Server VM (17.0.6+0-b2043.56-10027231, mixed mode, tiered, compressed oops, compressed class ptrs, g1 gc, windows-amd64)
# No core dump will be written. Minidumps are not enabled by default on client versions of Windows
#

---------------  S U M M A R Y ------------

Command Line: --add-opens=java.base/java.util=ALL-UNNAMED --add-opens=java.base/java.lang=ALL-UNNAMED --add-opens=java.base/java.lang.invoke=ALL-UNNAMED --add-opens=java.base/java.util=ALL-UNNAMED --add-opens=java.prefs/java.util.prefs=ALL-UNNAMED --add-opens=java.prefs/java.util.prefs=ALL-UNNAMED --add-opens=java.base/java.nio.charset=ALL-UNNAMED --add-opens=java.base/java.net=ALL-UNNAMED --add-opens=java.base/java.util.concurrent.atomic=ALL-UNNAMED -Xmx1536M -Dfile.encoding=windows-1256 -Duser.country=US -Duser.language=en -Duser.variant org.gradle.launcher.daemon.bootstrap.GradleDaemon 7.5

Host: 11th Gen Intel(R) Core(TM) i7-1165G7 @ 2.80GHz, 8 cores, 7G,  Windows 11 , 64 bit Build 22621 (10.0.22621.2506)
Time: Tue Feb 13 01:33:02 2024 Egypt Standard Time elapsed time: 18.610314 seconds (0d 0h 0m 18s)

---------------  T H R E A D  ---------------

Current thread (0x000002a01759d960):  VMThread "VM Thread" [stack: 0x000000e961a00000,0x000000e961b00000] [id=20044]

Stack: [0x000000e961a00000,0x000000e961b00000]
Native frames: (J=compiled Java code, j=interpreted, Vv=VM code, C=native code)
V  [jvm.dll+0x683c9a]
V  [jvm.dll+0x8427a4]
V  [jvm.dll+0x843f9e]
V  [jvm.dll+0x844603]
V  [jvm.dll+0x249b75]
V  [jvm.dll+0x680b69]
V  [jvm.dll+0x67505a]
V  [jvm.dll+0x309acb]
V  [jvm.dll+0x310f86]
V  [jvm.dll+0x3608ee]
V  [jvm.dll+0x360b1f]
V  [jvm.dll+0x2dfbf8]
V  [jvm.dll+0x2ddec4]
V  [jvm.dll+0x2dd4cc]
V  [jvm.dll+0x321f3b]
V  [jvm.dll+0x848ccb]
V  [jvm.dll+0x849a04]
V  [jvm.dll+0x849f1d]
V  [jvm.dll+0x84a2f4]
V  [jvm.dll+0x84a3c0]
V  [jvm.dll+0x7f274a]
V  [jvm.dll+0x682ad5]
C  [ucrtbase.dll+0x29363]
C  [KERNEL32.DLL+0x1257d]
C  [ntdll.dll+0x5aa58]

VM_Operation (0x000000e9631f3540): G1CollectForAllocation, mode: safepoint, requested by thread 0x000002a01978f1f0


---------------  P R O C E S S  ---------------

Threads class SMR info:
_java_thread_list=0x000002a01c7c7c00, length=136, elements={
0x000002a07e267280, 0x000002a0175fe2c0, 0x000002a018001460, 0x000002a018035e80,
0x000002a0180598d0, 0x000002a018036930, 0x000002a01804b500, 0x000002a01804c0f0,
0x000002a01804ce70, 0x000002a018050b60, 0x000002a018206a20, 0x000002a0181f96e0,
0x000002a018e7c050, 0x000002a018fd7d10, 0x000002a019149fa0, 0x000002a01a584f90,
0x000002a019af1d30, 0x000002a019af2200, 0x000002a01978f1f0, 0x000002a019983600,
0x000002a019986150, 0x000002a019984e10, 0x000002a019985c80, 0x000002a019984470,
0x000002a019984940, 0x000002a019983ad0, 0x000002a0199852e0, 0x000002a0199857b0,
0x000002a019986620, 0x000002a019982c60, 0x000002a019983130, 0x000002a019983fa0,
0x000002a01aa1ad40, 0x000002a01aa1b210, 0x000002a01aa19530, 0x000002a01aa1ff10,
0x000002a01aa1d890, 0x000002a01aa203e0, 0x000002a01aa1fa40, 0x000002a01aa19ed0,
0x000002a01aa1c080, 0x000002a01aa1e700, 0x000002a01aa1f0a0, 0x000002a01aa1c550,
0x000002a01aa19a00, 0x000002a01aa1a3a0, 0x000002a01aa1dd60, 0x000002a01aa1a870,
0x000002a01aa1ca20, 0x000002a01aa1cef0, 0x000002a01aa1d3c0, 0x000002a01aa1ebd0,
0x000002a01e01e490, 0x000002a01e01f300, 0x000002a01e01dfc0, 0x000002a01e01ee30,
0x000002a01e020170, 0x000002a01e020640, 0x000002a01e021980, 0x000002a01e020b10,
0x000002a01e0214b0, 0x000002a01e01e960, 0x000002a01e01c7b0, 0x000002a01e021e50,
0x000002a01e01f7d0, 0x000002a01e023190, 0x000002a01e01be10, 0x000002a01e022320,
0x000002a01e01d150, 0x000002a01e01fca0, 0x000002a01e01c2e0, 0x000002a01e01b940,
0x000002a01e0227f0, 0x000002a01e020fe0, 0x000002a01e022cc0, 0x000002a01e01cc80,
0x000002a01e01d620, 0x000002a01e01daf0, 0x000002a01cbbb2d0, 0x000002a01cbbd480,
0x000002a01cbbc610, 0x000002a01cbc04a0, 0x000002a01cbbbc70, 0x000002a01cbbb7a0,
0x000002a01cbbcae0, 0x000002a01cbbec90, 0x000002a01cbbe2f0, 0x000002a01cbbf630,
0x000002a01cbbde20, 0x000002a01cbbfb00, 0x000002a01cbbd950, 0x000002a01cbc2650,
0x000002a01cbc0970, 0x000002a01cbbe7c0, 0x000002a01cbbcfb0, 0x000002a01cbbf160,
0x000002a01cbbffd0, 0x000002a01cbc0e40, 0x000002a01cbc1310, 0x000002a01cbc17e0,
0x000002a01cbbc140, 0x000002a01cbc1cb0, 0x000002a01cbc2180, 0x000002a01cbc2b20,
0x000002a01e23b890, 0x000002a01e23bd60, 0x000002a01e23c230, 0x000002a01e23aef0,
0x000002a01e23e8b0, 0x000002a01e23cbd0, 0x000002a01e238d40, 0x000002a01e237060,
0x000002a01e238870, 0x000002a01e239210, 0x000002a01e237a00, 0x000002a01e23d0a0,
0x000002a01e23c700, 0x000002a01e23d570, 0x000002a01e23b3c0, 0x000002a01e237ed0,
0x000002a01e23da40, 0x000002a01e23df10, 0x000002a01e23e3e0, 0x000002a01e2383a0,
0x000002a01e23a080, 0x000002a01e239bb0, 0x000002a01cf3adc0, 0x000002a01e23aa20,
0x000002a01d3ac0e0, 0x000002a01d3aa400, 0x000002a01d3ad420, 0x000002a01d3a73e0,
0x000002a01d3a90c0, 0x000002a01d3ac5b0, 0x000002a01d3a9590, 0x000002a01d3a9a60
}

Java Threads: ( => current thread )
  0x000002a07e267280 JavaThread "main" [_thread_blocked, id=24104, stack(0x000000e961400000,0x000000e961500000)]
  0x000002a0175fe2c0 JavaThread "Reference Handler" daemon [_thread_blocked, id=4540, stack(0x000000e961b00000,0x000000e961c00000)]
  0x000002a018001460 JavaThread "Finalizer" daemon [_thread_blocked, id=15084, stack(0x000000e961c00000,0x000000e961d00000)]
  0x000002a018035e80 JavaThread "Signal Dispatcher" daemon [_thread_blocked, id=5484, stack(0x000000e961d00000,0x000000e961e00000)]
  0x000002a0180598d0 JavaThread "Attach Listener" daemon [_thread_blocked, id=14164, stack(0x000000e961e00000,0x000000e961f00000)]
  0x000002a018036930 JavaThread "Service Thread" daemon [_thread_blocked, id=18820, stack(0x000000e961f00000,0x000000e962000000)]
  0x000002a01804b500 JavaThread "Monitor Deflation Thread" daemon [_thread_blocked, id=20008, stack(0x000000e962000000,0x000000e962100000)]
  0x000002a01804c0f0 JavaThread "C2 CompilerThread0" daemon [_thread_blocked, id=15548, stack(0x000000e962100000,0x000000e962200000)]
  0x000002a01804ce70 JavaThread "C1 CompilerThread0" daemon [_thread_blocked, id=24628, stack(0x000000e962200000,0x000000e962300000)]
  0x000002a018050b60 JavaThread "Sweeper thread" daemon [_thread_blocked, id=23984, stack(0x000000e962300000,0x000000e962400000)]
  0x000002a018206a20 JavaThread "Common-Cleaner" daemon [_thread_blocked, id=19396, stack(0x000000e962400000,0x000000e962500000)]
  0x000002a0181f96e0 JavaThread "Notification Thread" daemon [_thread_blocked, id=10404, stack(0x000000e962500000,0x000000e962600000)]
  0x000002a018e7c050 JavaThread "Daemon health stats" [_thread_blocked, id=22376, stack(0x000000e962c00000,0x000000e962d00000)]
  0x000002a018fd7d10 JavaThread "Incoming local TCP Connector on port 60796" [_thread_in_native, id=22616, stack(0x000000e962b00000,0x000000e962c00000)]
  0x000002a019149fa0 JavaThread "Daemon periodic checks" [_thread_blocked, id=18920, stack(0x000000e962d00000,0x000000e962e00000)]
  0x000002a01a584f90 JavaThread "Daemon" [_thread_blocked, id=14084, stack(0x000000e962e00000,0x000000e962f00000)]
  0x000002a019af1d30 JavaThread "Handler for socket connection from /127.0.0.1:60796 to /127.0.0.1:60797" [_thread_in_native, id=16648, stack(0x000000e962f00000,0x000000e963000000)]
  0x000002a019af2200 JavaThread "Cancel handler" [_thread_blocked, id=7088, stack(0x000000e963000000,0x000000e963100000)]
  0x000002a01978f1f0 JavaThread "Daemon worker" [_thread_blocked, id=21140, stack(0x000000e963100000,0x000000e963200000)]
  0x000002a019983600 JavaThread "Asynchronous log dispatcher for DefaultDaemonConnection: socket connection from /127.0.0.1:60796 to /127.0.0.1:60797" [_thread_blocked, id=14780, stack(0x000000e963200000,0x000000e963300000)]
  0x000002a019986150 JavaThread "Stdin handler" [_thread_blocked, id=7424, stack(0x000000e963300000,0x000000e963400000)]
  0x000002a019984e10 JavaThread "Daemon client event forwarder" [_thread_blocked, id=18928, stack(0x000000e963400000,0x000000e963500000)]
  0x000002a019985c80 JavaThread "Cache worker for journal cache (C:\Users\39327\.gradle\caches\journal-1)" [_thread_blocked, id=18176, stack(0x000000e963500000,0x000000e963600000)]
  0x000002a019984470 JavaThread "File lock request listener" [_thread_in_native, id=23616, stack(0x000000e963600000,0x000000e963700000)]
  0x000002a019984940 JavaThread "Cache worker for file hash cache (C:\Users\39327\.gradle\caches\7.5\fileHashes)" [_thread_blocked, id=23016, stack(0x000000e963b00000,0x000000e963c00000)]
  0x000002a019983ad0 JavaThread "File watcher server" daemon [_thread_in_native, id=3284, stack(0x000000e963d00000,0x000000e963e00000)]
  0x000002a0199852e0 JavaThread "File watcher consumer" daemon [_thread_blocked, id=11636, stack(0x000000e963e00000,0x000000e963f00000)]
  0x000002a0199857b0 JavaThread "Cache worker for checksums cache (C:\Users\39327\StudioProjects\islamii\android\.gradle\7.5\checksums)" [_thread_blocked, id=25128, stack(0x000000e963f00000,0x000000e964000000)]
  0x000002a019986620 JavaThread "Cache worker for cache directory md-rule (C:\Users\39327\.gradle\caches\7.5\md-rule)" [_thread_blocked, id=10712, stack(0x000000e964000000,0x000000e964100000)]
  0x000002a019982c60 JavaThread "Cache worker for file content cache (C:\Users\39327\.gradle\caches\7.5\fileContent)" [_thread_blocked, id=892, stack(0x000000e964100000,0x000000e964200000)]
  0x000002a019983130 JavaThread "Cache worker for file hash cache (C:\Users\39327\StudioProjects\islamii\android\.gradle\7.5\fileHashes)" [_thread_blocked, id=19080, stack(0x000000e964200000,0x000000e964300000)]
  0x000002a019983fa0 JavaThread "Cache worker for cache directory md-supplier (C:\Users\39327\.gradle\caches\7.5\md-supplier)" [_thread_blocked, id=6748, stack(0x000000e964300000,0x000000e964400000)]
  0x000002a01aa1ad40 JavaThread "Cache worker for execution history cache (C:\Users\39327\.gradle\caches\7.5\executionHistory)" [_thread_blocked, id=18308, stack(0x000000e964400000,0x000000e964500000)]
  0x000002a01aa1b210 JavaThread "jar transforms" [_thread_blocked, id=11480, stack(0x000000e964600000,0x000000e964700000)]
  0x000002a01aa19530 JavaThread "jar transforms Thread 2" [_thread_blocked, id=23240, stack(0x000000e964700000,0x000000e964800000)]
  0x000002a01aa1ff10 JavaThread "jar transforms Thread 3" [_thread_blocked, id=24820, stack(0x000000e964800000,0x000000e964900000)]
  0x000002a01aa1d890 JavaThread "jar transforms Thread 4" [_thread_blocked, id=13240, stack(0x000000e964900000,0x000000e964a00000)]
  0x000002a01aa203e0 JavaThread "Cache worker for dependencies-accessors (C:\Users\39327\StudioProjects\islamii\android\.gradle\7.5\dependencies-accessors)" [_thread_blocked, id=6728, stack(0x000000e964a00000,0x000000e964b00000)]
  0x000002a01aa1fa40 JavaThread "jar transforms Thread 5" [_thread_blocked, id=18892, stack(0x000000e964b00000,0x000000e964c00000)]
  0x000002a01aa19ed0 JavaThread "Cache worker for Build Output Cleanup Cache (C:\Users\39327\StudioProjects\islamii\android\.gradle\buildOutputCleanup)" [_thread_blocked, id=9076, stack(0x000000e964c00000,0x000000e964d00000)]
  0x000002a01aa1c080 JavaThread "Unconstrained build operations" [_thread_blocked, id=13336, stack(0x000000e964d00000,0x000000e964e00000)]
  0x000002a01aa1e700 JavaThread "Unconstrained build operations Thread 2" [_thread_blocked, id=2388, stack(0x000000e964e00000,0x000000e964f00000)]
  0x000002a01aa1f0a0 JavaThread "Unconstrained build operations Thread 3" [_thread_blocked, id=24884, stack(0x000000e964f00000,0x000000e965000000)]
  0x000002a01aa1c550 JavaThread "Unconstrained build operations Thread 4" [_thread_blocked, id=7928, stack(0x000000e965000000,0x000000e965100000)]
  0x000002a01aa19a00 JavaThread "Unconstrained build operations Thread 5" [_thread_blocked, id=21740, stack(0x000000e965100000,0x000000e965200000)]
  0x000002a01aa1a3a0 JavaThread "Unconstrained build operations Thread 6" [_thread_blocked, id=22600, stack(0x000000e965200000,0x000000e965300000)]
  0x000002a01aa1dd60 JavaThread "Unconstrained build operations Thread 7" [_thread_blocked, id=7760, stack(0x000000e965300000,0x000000e965400000)]
  0x000002a01aa1a870 JavaThread "Unconstrained build operations Thread 8" [_thread_blocked, id=23000, stack(0x000000e965400000,0x000000e965500000)]
  0x000002a01aa1ca20 JavaThread "Unconstrained build operations Thread 9" [_thread_blocked, id=24764, stack(0x000000e965500000,0x000000e965600000)]
  0x000002a01aa1cef0 JavaThread "Unconstrained build operations Thread 10" [_thread_blocked, id=21880, stack(0x000000e965600000,0x000000e965700000)]
  0x000002a01aa1d3c0 JavaThread "Unconstrained build operations Thread 11" [_thread_blocked, id=20908, stack(0x000000e965700000,0x000000e965800000)]
  0x000002a01aa1ebd0 JavaThread "Unconstrained build operations Thread 12" [_thread_blocked, id=22512, stack(0x000000e965800000,0x000000e965900000)]
  0x000002a01e01e490 JavaThread "Unconstrained build operations Thread 13" [_thread_blocked, id=25120, stack(0x000000e965900000,0x000000e965a00000)]
  0x000002a01e01f300 JavaThread "Unconstrained build operations Thread 14" [_thread_blocked, id=25132, stack(0x000000e965a00000,0x000000e965b00000)]
  0x000002a01e01dfc0 JavaThread "Unconstrained build operations Thread 15" [_thread_blocked, id=18088, stack(0x000000e965b00000,0x000000e965c00000)]
  0x000002a01e01ee30 JavaThread "Unconstrained build operations Thread 16" [_thread_blocked, id=17936, stack(0x000000e965c00000,0x000000e965d00000)]
  0x000002a01e020170 JavaThread "Unconstrained build operations Thread 17" [_thread_blocked, id=19504, stack(0x000000e965d00000,0x000000e965e00000)]
  0x000002a01e020640 JavaThread "Unconstrained build operations Thread 18" [_thread_blocked, id=23864, stack(0x000000e965e00000,0x000000e965f00000)]
  0x000002a01e021980 JavaThread "Unconstrained build operations Thread 19" [_thread_blocked, id=23048, stack(0x000000e965f00000,0x000000e966000000)]
  0x000002a01e020b10 JavaThread "Unconstrained build operations Thread 20" [_thread_blocked, id=20108, stack(0x000000e966000000,0x000000e966100000)]
  0x000002a01e0214b0 JavaThread "Unconstrained build operations Thread 21" [_thread_blocked, id=15156, stack(0x000000e966100000,0x000000e966200000)]
  0x000002a01e01e960 JavaThread "Unconstrained build operations Thread 22" [_thread_blocked, id=22232, stack(0x000000e966200000,0x000000e966300000)]
  0x000002a01e01c7b0 JavaThread "Unconstrained build operations Thread 23" [_thread_blocked, id=21104, stack(0x000000e966300000,0x000000e966400000)]
  0x000002a01e021e50 JavaThread "Unconstrained build operations Thread 24" [_thread_blocked, id=23768, stack(0x000000e966400000,0x000000e966500000)]
  0x000002a01e01f7d0 JavaThread "Unconstrained build operations Thread 25" [_thread_blocked, id=24564, stack(0x000000e966500000,0x000000e966600000)]
  0x000002a01e023190 JavaThread "Unconstrained build operations Thread 26" [_thread_blocked, id=25328, stack(0x000000e966600000,0x000000e966700000)]
  0x000002a01e01be10 JavaThread "Unconstrained build operations Thread 27" [_thread_blocked, id=22812, stack(0x000000e966700000,0x000000e966800000)]
  0x000002a01e022320 JavaThread "Unconstrained build operations Thread 28" [_thread_blocked, id=20548, stack(0x000000e966800000,0x000000e966900000)]
  0x000002a01e01d150 JavaThread "Unconstrained build operations Thread 29" [_thread_blocked, id=13588, stack(0x000000e966900000,0x000000e966a00000)]
  0x000002a01e01fca0 JavaThread "Unconstrained build operations Thread 30" [_thread_blocked, id=5328, stack(0x000000e966a00000,0x000000e966b00000)]
  0x000002a01e01c2e0 JavaThread "Unconstrained build operations Thread 31" [_thread_blocked, id=6788, stack(0x000000e966b00000,0x000000e966c00000)]
  0x000002a01e01b940 JavaThread "Unconstrained build operations Thread 32" [_thread_blocked, id=17664, stack(0x000000e966c00000,0x000000e966d00000)]
  0x000002a01e0227f0 JavaThread "Unconstrained build operations Thread 33" [_thread_blocked, id=14652, stack(0x000000e966d00000,0x000000e966e00000)]
  0x000002a01e020fe0 JavaThread "Unconstrained build operations Thread 34" [_thread_blocked, id=20680, stack(0x000000e966e00000,0x000000e966f00000)]
  0x000002a01e022cc0 JavaThread "Unconstrained build operations Thread 35" [_thread_blocked, id=24928, stack(0x000000e966f00000,0x000000e967000000)]
  0x000002a01e01cc80 JavaThread "Unconstrained build operations Thread 36" [_thread_blocked, id=25208, stack(0x000000e967000000,0x000000e967100000)]
  0x000002a01e01d620 JavaThread "Unconstrained build operations Thread 37" [_thread_blocked, id=17856, stack(0x000000e967100000,0x000000e967200000)]
  0x000002a01e01daf0 JavaThread "Unconstrained build operations Thread 38" [_thread_blocked, id=2936, stack(0x000000e967200000,0x000000e967300000)]
  0x000002a01cbbb2d0 JavaThread "Unconstrained build operations Thread 39" [_thread_blocked, id=23104, stack(0x000000e967300000,0x000000e967400000)]
  0x000002a01cbbd480 JavaThread "Unconstrained build operations Thread 40" [_thread_blocked, id=17500, stack(0x000000e967400000,0x000000e967500000)]
  0x000002a01cbbc610 JavaThread "Unconstrained build operations Thread 41" [_thread_blocked, id=24396, stack(0x000000e967500000,0x000000e967600000)]
  0x000002a01cbc04a0 JavaThread "Unconstrained build operations Thread 42" [_thread_blocked, id=23004, stack(0x000000e967600000,0x000000e967700000)]
  0x000002a01cbbbc70 JavaThread "Unconstrained build operations Thread 43" [_thread_blocked, id=22248, stack(0x000000e967700000,0x000000e967800000)]
  0x000002a01cbbb7a0 JavaThread "Unconstrained build operations Thread 44" [_thread_blocked, id=25512, stack(0x000000e967800000,0x000000e967900000)]
  0x000002a01cbbcae0 JavaThread "Unconstrained build operations Thread 45" [_thread_blocked, id=12136, stack(0x000000e967900000,0x000000e967a00000)]
  0x000002a01cbbec90 JavaThread "Unconstrained build operations Thread 46" [_thread_blocked, id=9836, stack(0x000000e967a00000,0x000000e967b00000)]
  0x000002a01cbbe2f0 JavaThread "Unconstrained build operations Thread 47" [_thread_blocked, id=5144, stack(0x000000e967b00000,0x000000e967c00000)]
  0x000002a01cbbf630 JavaThread "Unconstrained build operations Thread 48" [_thread_blocked, id=19024, stack(0x000000e967c00000,0x000000e967d00000)]
  0x000002a01cbbde20 JavaThread "Unconstrained build operations Thread 49" [_thread_blocked, id=23308, stack(0x000000e967d00000,0x000000e967e00000)]
  0x000002a01cbbfb00 JavaThread "Unconstrained build operations Thread 50" [_thread_blocked, id=11936, stack(0x000000e967e00000,0x000000e967f00000)]
  0x000002a01cbbd950 JavaThread "Unconstrained build operations Thread 51" [_thread_blocked, id=11120, stack(0x000000e967f00000,0x000000e968000000)]
  0x000002a01cbc2650 JavaThread "Unconstrained build operations Thread 52" [_thread_blocked, id=17764, stack(0x000000e968000000,0x000000e968100000)]
  0x000002a01cbc0970 JavaThread "Unconstrained build operations Thread 53" [_thread_blocked, id=22612, stack(0x000000e968100000,0x000000e968200000)]
  0x000002a01cbbe7c0 JavaThread "Unconstrained build operations Thread 54" [_thread_blocked, id=6752, stack(0x000000e968200000,0x000000e968300000)]
  0x000002a01cbbcfb0 JavaThread "Unconstrained build operations Thread 55" [_thread_blocked, id=17544, stack(0x000000e968300000,0x000000e968400000)]
  0x000002a01cbbf160 JavaThread "Unconstrained build operations Thread 56" [_thread_blocked, id=24532, stack(0x000000e968400000,0x000000e968500000)]
  0x000002a01cbbffd0 JavaThread "Unconstrained build operations Thread 57" [_thread_blocked, id=7880, stack(0x000000e968500000,0x000000e968600000)]
  0x000002a01cbc0e40 JavaThread "Unconstrained build operations Thread 58" [_thread_blocked, id=11532, stack(0x000000e968600000,0x000000e968700000)]
  0x000002a01cbc1310 JavaThread "Unconstrained build operations Thread 59" [_thread_blocked, id=21220, stack(0x000000e968700000,0x000000e968800000)]
  0x000002a01cbc17e0 JavaThread "Unconstrained build operations Thread 60" [_thread_blocked, id=20592, stack(0x000000e968800000,0x000000e968900000)]
  0x000002a01cbbc140 JavaThread "Unconstrained build operations Thread 61" [_thread_blocked, id=23128, stack(0x000000e968900000,0x000000e968a00000)]
  0x000002a01cbc1cb0 JavaThread "Unconstrained build operations Thread 62" [_thread_blocked, id=8576, stack(0x000000e968a00000,0x000000e968b00000)]
  0x000002a01cbc2180 JavaThread "Unconstrained build operations Thread 63" [_thread_blocked, id=13972, stack(0x000000e968b00000,0x000000e968c00000)]
  0x000002a01cbc2b20 JavaThread "Unconstrained build operations Thread 64" [_thread_blocked, id=6444, stack(0x000000e968c00000,0x000000e968d00000)]
  0x000002a01e23b890 JavaThread "Unconstrained build operations Thread 65" [_thread_blocked, id=18376, stack(0x000000e968d00000,0x000000e968e00000)]
  0x000002a01e23bd60 JavaThread "Unconstrained build operations Thread 66" [_thread_blocked, id=21912, stack(0x000000e968e00000,0x000000e968f00000)]
  0x000002a01e23c230 JavaThread "Unconstrained build operations Thread 67" [_thread_blocked, id=17832, stack(0x000000e968f00000,0x000000e969000000)]
  0x000002a01e23aef0 JavaThread "Unconstrained build operations Thread 68" [_thread_blocked, id=23180, stack(0x000000e969000000,0x000000e969100000)]
  0x000002a01e23e8b0 JavaThread "Unconstrained build operations Thread 69" [_thread_blocked, id=5280, stack(0x000000e969100000,0x000000e969200000)]
  0x000002a01e23cbd0 JavaThread "Unconstrained build operations Thread 70" [_thread_blocked, id=20848, stack(0x000000e969200000,0x000000e969300000)]
  0x000002a01e238d40 JavaThread "Unconstrained build operations Thread 71" [_thread_blocked, id=24980, stack(0x000000e969300000,0x000000e969400000)]
  0x000002a01e237060 JavaThread "Unconstrained build operations Thread 72" [_thread_blocked, id=20980, stack(0x000000e969400000,0x000000e969500000)]
  0x000002a01e238870 JavaThread "Unconstrained build operations Thread 73" [_thread_blocked, id=18012, stack(0x000000e969500000,0x000000e969600000)]
  0x000002a01e239210 JavaThread "Unconstrained build operations Thread 74" [_thread_blocked, id=22172, stack(0x000000e969600000,0x000000e969700000)]
  0x000002a01e237a00 JavaThread "Unconstrained build operations Thread 75" [_thread_blocked, id=13040, stack(0x000000e969700000,0x000000e969800000)]
  0x000002a01e23d0a0 JavaThread "Unconstrained build operations Thread 76" [_thread_blocked, id=7780, stack(0x000000e969800000,0x000000e969900000)]
  0x000002a01e23c700 JavaThread "Unconstrained build operations Thread 77" [_thread_blocked, id=2940, stack(0x000000e969900000,0x000000e969a00000)]
  0x000002a01e23d570 JavaThread "Unconstrained build operations Thread 78" [_thread_blocked, id=4476, stack(0x000000e969a00000,0x000000e969b00000)]
  0x000002a01e23b3c0 JavaThread "Unconstrained build operations Thread 79" [_thread_blocked, id=22820, stack(0x000000e969b00000,0x000000e969c00000)]
  0x000002a01e237ed0 JavaThread "Unconstrained build operations Thread 80" [_thread_blocked, id=20136, stack(0x000000e969c00000,0x000000e969d00000)]
  0x000002a01e23da40 JavaThread "jar transforms Thread 6" [_thread_blocked, id=19640, stack(0x000000e969d00000,0x000000e969e00000)]
  0x000002a01e23df10 JavaThread "jar transforms Thread 7" [_thread_blocked, id=13516, stack(0x000000e969e00000,0x000000e969f00000)]
  0x000002a01e23e3e0 JavaThread "jar transforms Thread 8" [_thread_blocked, id=21608, stack(0x000000e969f00000,0x000000e96a000000)]
  0x000002a01e2383a0 JavaThread "Cache worker for kotlin-dsl (C:\Users\39327\.gradle\caches\7.5\kotlin-dsl)" [_thread_blocked, id=18132, stack(0x000000e96a000000,0x000000e96a100000)]
  0x000002a01e23a080 JavaThread "Cache worker for Build Output Cleanup Cache (C:\Users\39327\Downloads\Compressed\flutterSDK\flutter\packages\flutter_tools\gradle\.gradle\buildOutputCleanup)" [_thread_blocked, id=24260, stack(0x000000e96a100000,0x000000e96a200000)]
  0x000002a01e239bb0 JavaThread "Memory manager" [_thread_blocked, id=22928, stack(0x000000e963c00000,0x000000e963d00000)]
  0x000002a01cf3adc0 JavaThread "C2 CompilerThread1" daemon [_thread_blocked, id=10140, stack(0x000000e964500000,0x000000e964600000)]
  0x000002a01e23aa20 JavaThread "included builds" [_thread_blocked, id=18952, stack(0x000000e96a200000,0x000000e96a300000)]
  0x000002a01d3ac0e0 JavaThread "Execution worker" [_thread_blocked, id=16196, stack(0x000000e96a300000,0x000000e96a400000)]
  0x000002a01d3aa400 JavaThread "Execution worker Thread 2" [_thread_blocked, id=23692, stack(0x000000e96a400000,0x000000e96a500000)]
  0x000002a01d3ad420 JavaThread "Execution worker Thread 3" [_thread_blocked, id=23424, stack(0x000000e96a500000,0x000000e96a600000)]
  0x000002a01d3a73e0 JavaThread "Execution worker Thread 4" [_thread_blocked, id=23540, stack(0x000000e96a600000,0x000000e96a700000)]
  0x000002a01d3a90c0 JavaThread "Execution worker Thread 5" [_thread_blocked, id=11248, stack(0x000000e96a700000,0x000000e96a800000)]
  0x000002a01d3ac5b0 JavaThread "Execution worker Thread 6" [_thread_blocked, id=17052, stack(0x000000e96a800000,0x000000e96a900000)]
  0x000002a01d3a9590 JavaThread "Execution worker Thread 7" [_thread_blocked, id=23324, stack(0x000000e96a900000,0x000000e96aa00000)]
  0x000002a01d3a9a60 JavaThread "Cache worker for execution history cache (C:\Users\39327\Downloads\Compressed\flutterSDK\flutter\packages\flutter_tools\gradle\.gradle\7.5\executionHistory)" [_thread_blocked, id=25248, stack(0x000000e96aa00000,0x000000e96ab00000)]

Other Threads:
=>0x000002a01759d960 VMThread "VM Thread" [stack: 0x000000e961a00000,0x000000e961b00000] [id=20044]
  0x000002a018207300 WatcherThread [stack: 0x000000e962600000,0x000000e962700000] [id=24824]
  0x000002a07e2b1550 GCTaskThread "GC Thread#0" [stack: 0x000000e961500000,0x000000e961600000] [id=5424]
  0x000002a018d5f230 GCTaskThread "GC Thread#1" [stack: 0x000000e962800000,0x000000e962900000] [id=25184]
  0x000002a018f28bd0 GCTaskThread "GC Thread#2" [stack: 0x000000e962900000,0x000000e962a00000] [id=13556]
  0x000002a018d5f4e0 GCTaskThread "GC Thread#3" [stack: 0x000000e962a00000,0x000000e962b00000] [id=24976]
  0x000002a0194fdd70 GCTaskThread "GC Thread#4" [stack: 0x000000e962700000,0x000000e962800000] [id=25256]
  0x000002a019a9e340 GCTaskThread "GC Thread#5" [stack: 0x000000e963700000,0x000000e963800000] [id=4448]
  0x000002a019a9e5f0 GCTaskThread "GC Thread#6" [stack: 0x000000e963800000,0x000000e963900000] [id=5460]
  0x000002a01a512910 GCTaskThread "GC Thread#7" [stack: 0x000000e963900000,0x000000e963a00000] [id=11596]
  0x000002a07e2be330 ConcurrentGCThread "G1 Main Marker" [stack: 0x000000e961600000,0x000000e961700000] [id=20568]
  0x000002a07e2bebe0 ConcurrentGCThread "G1 Conc#0" [stack: 0x000000e961700000,0x000000e961800000] [id=13964]
  0x000002a01a5be890 ConcurrentGCThread "G1 Conc#1" [stack: 0x000000e963a00000,0x000000e963b00000] [id=25500]
  0x000002a07e2feb10 ConcurrentGCThread "G1 Refine#0" [stack: 0x000000e961800000,0x000000e961900000] [id=18796]
  0x000002a01744a600 ConcurrentGCThread "G1 Service" [stack: 0x000000e961900000,0x000000e961a00000] [id=6904]

Threads with active compile tasks:
C2 CompilerThread0    18691 8818       4       org.gradle.internal.instantiation.generator.AbstractClassGenerator::inspectType (560 bytes)
C2 CompilerThread1    18691 8887       4       java.beans.Introspector::addMethod (196 bytes)

VM state: at safepoint (normal execution)

VM Mutex/Monitor currently owned by a thread:  ([mutex/lock_event])
[0x000002a07e260ef0] Threads_lock - owner thread: 0x000002a01759d960
[0x000002a07e261fd0] Heap_lock - owner thread: 0x000002a01978f1f0

Heap address: 0x00000000a0000000, size: 1536 MB, Compressed Oops mode: 32-bit

CDS archive(s) not mapped
Compressed class space mapped at: 0x0000000100000000-0x0000000140000000, reserved size: 1073741824
Narrow klass base: 0x0000000000000000, Narrow klass shift: 3, Narrow klass range: 0x140000000

GC Precious Log:
 CPUs: 8 total, 8 available
 Memory: 7932M
 Large Page Support: Disabled
 NUMA Support: Disabled
 Compressed Oops: Enabled (32-bit)
 Heap Region Size: 1M
 Heap Min Capacity: 8M
 Heap Initial Capacity: 124M
 Heap Max Capacity: 1536M
 Pre-touch: Disabled
 Parallel Workers: 8
 Concurrent Workers: 2
 Concurrent Refinement Workers: 8
 Periodic GC: Disabled

Heap:
 garbage-first heap   total 135168K, used 80530K [0x00000000a0000000, 0x0000000100000000)
  region size 1024K, 4 young (4096K), 4 survivors (4096K)
 Metaspace       used 90432K, committed 91136K, reserved 1130496K
  class space    used 12492K, committed 12800K, reserved 1048576K

Heap Regions: E=young(eden), S=young(survivor), O=old, HS=humongous(starts), HC=humongous(continues), CS=collection set, F=free, OA=open archive, CA=closed archive, TAMS=top-at-mark-start (previous, next)
|   0|0x00000000a0000000, 0x00000000a0100000, 0x00000000a0100000|100%| O|  |TAMS 0x00000000a0100000, 0x00000000a0100000| Untracked 
|   1|0x00000000a0100000, 0x00000000a0200000, 0x00000000a0200000|100%| O|  |TAMS 0x00000000a0200000, 0x00000000a0200000| Untracked 
|   2|0x00000000a0200000, 0x00000000a0300000, 0x00000000a0300000|100%| O|  |TAMS 0x00000000a0300000, 0x00000000a0300000| Untracked 
|   3|0x00000000a0300000, 0x00000000a0400000, 0x00000000a0400000|100%|HS|  |TAMS 0x00000000a0400000, 0x00000000a0400000| Complete 
|   4|0x00000000a0400000, 0x00000000a0500000, 0x00000000a0500000|100%|HC|  |TAMS 0x00000000a0500000, 0x00000000a0500000| Complete 
|   5|0x00000000a0500000, 0x00000000a0600000, 0x00000000a0600000|100%|HC|  |TAMS 0x00000000a0600000, 0x00000000a0600000| Complete 
|   6|0x00000000a0600000, 0x00000000a0700000, 0x00000000a0700000|100%| O|  |TAMS 0x00000000a0700000, 0x00000000a0700000| Untracked 
|   7|0x00000000a0700000, 0x00000000a0800000, 0x00000000a0800000|100%| O|  |TAMS 0x00000000a0800000, 0x00000000a0800000| Untracked 
|   8|0x00000000a0800000, 0x00000000a0900000, 0x00000000a0900000|100%| O|  |TAMS 0x00000000a0900000, 0x00000000a0900000| Untracked 
|   9|0x00000000a0900000, 0x00000000a09ef200, 0x00000000a0a00000| 93%| O|  |TAMS 0x00000000a09ef200, 0x00000000a09ef200| Untracked 
|  10|0x00000000a0a00000, 0x00000000a0b00000, 0x00000000a0b00000|100%| O|  |TAMS 0x00000000a0b00000, 0x00000000a0b00000| Untracked 
|  11|0x00000000a0b00000, 0x00000000a0c00000, 0x00000000a0c00000|100%| O|  |TAMS 0x00000000a0c00000, 0x00000000a0c00000| Untracked 
|  12|0x00000000a0c00000, 0x00000000a0d00000, 0x00000000a0d00000|100%| O|  |TAMS 0x00000000a0d00000, 0x00000000a0d00000| Untracked 
|  13|0x00000000a0d00000, 0x00000000a0e00000, 0x00000000a0e00000|100%| O|  |TAMS 0x00000000a0e00000, 0x00000000a0e00000| Untracked 
|  14|0x00000000a0e00000, 0x00000000a0f00000, 0x00000000a0f00000|100%| O|  |TAMS 0x00000000a0f00000, 0x00000000a0f00000| Untracked 
|  15|0x00000000a0f00000, 0x00000000a1000000, 0x00000000a1000000|100%| O|  |TAMS 0x00000000a1000000, 0x00000000a1000000| Untracked 
|  16|0x00000000a1000000, 0x00000000a1100000, 0x00000000a1100000|100%| O|  |TAMS 0x00000000a1100000, 0x00000000a1100000| Untracked 
|  17|0x00000000a1100000, 0x00000000a1200000, 0x00000000a1200000|100%| O|  |TAMS 0x00000000a1200000, 0x00000000a1200000| Untracked 
|  18|0x00000000a1200000, 0x00000000a1300000, 0x00000000a1300000|100%| O|  |TAMS 0x00000000a1300000, 0x00000000a1300000| Untracked 
|  19|0x00000000a1300000, 0x00000000a1400000, 0x00000000a1400000|100%| O|  |TAMS 0x00000000a1400000, 0x00000000a1400000| Untracked 
|  20|0x00000000a1400000, 0x00000000a1500000, 0x00000000a1500000|100%| O|  |TAMS 0x00000000a1500000, 0x00000000a1500000| Untracked 
|  21|0x00000000a1500000, 0x00000000a1600000, 0x00000000a1600000|100%| O|  |TAMS 0x00000000a1600000, 0x00000000a1600000| Untracked 
|  22|0x00000000a1600000, 0x00000000a1600000, 0x00000000a1700000|  0%| F|  |TAMS 0x00000000a1600000, 0x00000000a1600000| Untracked 
|  23|0x00000000a1700000, 0x00000000a1800000, 0x00000000a1800000|100%| O|  |TAMS 0x00000000a1800000, 0x00000000a1800000| Untracked 
|  24|0x00000000a1800000, 0x00000000a1900000, 0x00000000a1900000|100%| O|  |TAMS 0x00000000a1900000, 0x00000000a1900000| Untracked 
|  25|0x00000000a1900000, 0x00000000a1a00000, 0x00000000a1a00000|100%| O|  |TAMS 0x00000000a1900000, 0x00000000a1a00000| Untracked 
|  26|0x00000000a1a00000, 0x00000000a1b00000, 0x00000000a1b00000|100%| O|  |TAMS 0x00000000a1b00000, 0x00000000a1b00000| Untracked 
|  27|0x00000000a1b00000, 0x00000000a1c00000, 0x00000000a1c00000|100%|HS|  |TAMS 0x00000000a1c00000, 0x00000000a1c00000| Complete 
|  28|0x00000000a1c00000, 0x00000000a1d00000, 0x00000000a1d00000|100%|HS|  |TAMS 0x00000000a1d00000, 0x00000000a1d00000| Complete 
|  29|0x00000000a1d00000, 0x00000000a1e00000, 0x00000000a1e00000|100%|HS|  |TAMS 0x00000000a1e00000, 0x00000000a1e00000| Complete 
|  30|0x00000000a1e00000, 0x00000000a1f00000, 0x00000000a1f00000|100%|HS|  |TAMS 0x00000000a1f00000, 0x00000000a1f00000| Complete 
|  31|0x00000000a1f00000, 0x00000000a2000000, 0x00000000a2000000|100%|HC|  |TAMS 0x00000000a2000000, 0x00000000a2000000| Complete 
|  32|0x00000000a2000000, 0x00000000a2100000, 0x00000000a2100000|100%|HC|  |TAMS 0x00000000a2100000, 0x00000000a2100000| Complete 
|  33|0x00000000a2100000, 0x00000000a2200000, 0x00000000a2200000|100%| O|  |TAMS 0x00000000a2200000, 0x00000000a2200000| Untracked 
|  34|0x00000000a2200000, 0x00000000a2300000, 0x00000000a2300000|100%|HS|  |TAMS 0x00000000a2300000, 0x00000000a2300000| Complete 
|  35|0x00000000a2300000, 0x00000000a2400000, 0x00000000a2400000|100%|HC|  |TAMS 0x00000000a2400000, 0x00000000a2400000| Complete 
|  36|0x00000000a2400000, 0x00000000a2500000, 0x00000000a2500000|100%| O|  |TAMS 0x00000000a2500000, 0x00000000a2500000| Untracked 
|  37|0x00000000a2500000, 0x00000000a2600000, 0x00000000a2600000|100%| O|  |TAMS 0x00000000a2600000, 0x00000000a2600000| Untracked 
|  38|0x00000000a2600000, 0x00000000a2700000, 0x00000000a2700000|100%| O|  |TAMS 0x00000000a2700000, 0x00000000a2700000| Untracked 
|  39|0x00000000a2700000, 0x00000000a2800000, 0x00000000a2800000|100%| O|  |TAMS 0x00000000a2800000, 0x00000000a2800000| Untracked 
|  40|0x00000000a2800000, 0x00000000a2900000, 0x00000000a2900000|100%| O|  |TAMS 0x00000000a2900000, 0x00000000a2900000| Untracked 
|  41|0x00000000a2900000, 0x00000000a2a00000, 0x00000000a2a00000|100%| O|  |TAMS 0x00000000a2a00000, 0x00000000a2a00000| Untracked 
|  42|0x00000000a2a00000, 0x00000000a2b00000, 0x00000000a2b00000|100%| O|  |TAMS 0x00000000a2b00000, 0x00000000a2b00000| Untracked 
|  43|0x00000000a2b00000, 0x00000000a2c00000, 0x00000000a2c00000|100%| O|  |TAMS 0x00000000a2c00000, 0x00000000a2c00000| Untracked 
|  44|0x00000000a2c00000, 0x00000000a2d00000, 0x00000000a2d00000|100%| O|  |TAMS 0x00000000a2d00000, 0x00000000a2d00000| Untracked 
|  45|0x00000000a2d00000, 0x00000000a2e00000, 0x00000000a2e00000|100%| O|  |TAMS 0x00000000a2e00000, 0x00000000a2e00000| Untracked 
|  46|0x00000000a2e00000, 0x00000000a2f00000, 0x00000000a2f00000|100%| O|  |TAMS 0x00000000a2f00000, 0x00000000a2f00000| Untracked 
|  47|0x00000000a2f00000, 0x00000000a3000000, 0x00000000a3000000|100%| O|  |TAMS 0x00000000a3000000, 0x00000000a3000000| Untracked 
|  48|0x00000000a3000000, 0x00000000a3100000, 0x00000000a3100000|100%| O|  |TAMS 0x00000000a3100000, 0x00000000a3100000| Untracked 
|  49|0x00000000a3100000, 0x00000000a3200000, 0x00000000a3200000|100%| O|  |TAMS 0x00000000a3200000, 0x00000000a3200000| Untracked 
|  50|0x00000000a3200000, 0x00000000a3300000, 0x00000000a3300000|100%| O|  |TAMS 0x00000000a3300000, 0x00000000a3300000| Untracked 
|  51|0x00000000a3300000, 0x00000000a3400000, 0x00000000a3400000|100%| O|  |TAMS 0x00000000a3400000, 0x00000000a3400000| Untracked 
|  52|0x00000000a3400000, 0x00000000a3500000, 0x00000000a3500000|100%| O|  |TAMS 0x00000000a3500000, 0x00000000a3500000| Untracked 
|  53|0x00000000a3500000, 0x00000000a3600000, 0x00000000a3600000|100%| O|  |TAMS 0x00000000a3600000, 0x00000000a3600000| Untracked 
|  54|0x00000000a3600000, 0x00000000a3700000, 0x00000000a3700000|100%| O|  |TAMS 0x00000000a3700000, 0x00000000a3700000| Untracked 
|  55|0x00000000a3700000, 0x00000000a3800000, 0x00000000a3800000|100%| O|  |TAMS 0x00000000a3800000, 0x00000000a3800000| Untracked 
|  56|0x00000000a3800000, 0x00000000a3900000, 0x00000000a3900000|100%| O|  |TAMS 0x00000000a3900000, 0x00000000a3900000| Untracked 
|  57|0x00000000a3900000, 0x00000000a3a00000, 0x00000000a3a00000|100%| O|  |TAMS 0x00000000a3a00000, 0x00000000a3a00000| Untracked 
|  58|0x00000000a3a00000, 0x00000000a3b00000, 0x00000000a3b00000|100%| O|  |TAMS 0x00000000a3b00000, 0x00000000a3b00000| Untracked 
|  59|0x00000000a3b00000, 0x00000000a3c00000, 0x00000000a3c00000|100%| O|  |TAMS 0x00000000a3c00000, 0x00000000a3c00000| Untracked 
|  60|0x00000000a3c00000, 0x00000000a3d00000, 0x00000000a3d00000|100%| O|  |TAMS 0x00000000a3d00000, 0x00000000a3d00000| Untracked 
|  61|0x00000000a3d00000, 0x00000000a3e00000, 0x00000000a3e00000|100%| O|  |TAMS 0x00000000a3e00000, 0x00000000a3e00000| Untracked 
|  62|0x00000000a3e00000, 0x00000000a3f00000, 0x00000000a3f00000|100%| O|  |TAMS 0x00000000a3f00000, 0x00000000a3f00000| Untracked 
|  63|0x00000000a3f00000, 0x00000000a4000000, 0x00000000a4000000|100%| O|  |TAMS 0x00000000a4000000, 0x00000000a4000000| Untracked 
|  64|0x00000000a4000000, 0x00000000a4100000, 0x00000000a4100000|100%| O|  |TAMS 0x00000000a4100000, 0x00000000a4100000| Untracked 
|  65|0x00000000a4100000, 0x00000000a4200000, 0x00000000a4200000|100%| O|  |TAMS 0x00000000a4200000, 0x00000000a4200000| Untracked 
|  66|0x00000000a4200000, 0x00000000a4300000, 0x00000000a4300000|100%| O|  |TAMS 0x00000000a4300000, 0x00000000a4300000| Untracked 
|  67|0x00000000a4300000, 0x00000000a4400000, 0x00000000a4400000|100%| O|  |TAMS 0x00000000a4400000, 0x00000000a4400000| Untracked 
|  68|0x00000000a4400000, 0x00000000a4500000, 0x00000000a4500000|100%| O|  |TAMS 0x00000000a4500000, 0x00000000a4500000| Untracked 
|  69|0x00000000a4500000, 0x00000000a4600000, 0x00000000a4600000|100%| O|  |TAMS 0x00000000a4600000, 0x00000000a4600000| Untracked 
|  70|0x00000000a4600000, 0x00000000a4700000, 0x00000000a4700000|100%| O|  |TAMS 0x00000000a4700000, 0x00000000a4700000| Untracked 
|  71|0x00000000a4700000, 0x00000000a4800000, 0x00000000a4800000|100%| O|  |TAMS 0x00000000a4760c00, 0x00000000a4800000| Untracked 
|  72|0x00000000a4800000, 0x00000000a4900000, 0x00000000a4900000|100%| O|  |TAMS 0x00000000a4800000, 0x00000000a4900000| Untracked 
|  73|0x00000000a4900000, 0x00000000a4a00000, 0x00000000a4a00000|100%| O|  |TAMS 0x00000000a4900000, 0x00000000a4a00000| Untracked 
|  74|0x00000000a4a00000, 0x00000000a4b00000, 0x00000000a4b00000|100%| O|  |TAMS 0x00000000a4a00000, 0x00000000a4b00000| Untracked 
|  75|0x00000000a4b00000, 0x00000000a4bd7600, 0x00000000a4c00000| 84%| O|  |TAMS 0x00000000a4b00000, 0x00000000a4bd7600| Untracked 
|  76|0x00000000a4c00000, 0x00000000a4c00000, 0x00000000a4d00000|  0%| F|  |TAMS 0x00000000a4c00000, 0x00000000a4c00000| Untracked 
|  77|0x00000000a4d00000, 0x00000000a4d00000, 0x00000000a4e00000|  0%| F|  |TAMS 0x00000000a4d00000, 0x00000000a4d00000| Untracked 
|  78|0x00000000a4e00000, 0x00000000a4e00000, 0x00000000a4f00000|  0%| F|  |TAMS 0x00000000a4e00000, 0x00000000a4e00000| Untracked 
|  79|0x00000000a4f00000, 0x00000000a4f00000, 0x00000000a5000000|  0%| F|  |TAMS 0x00000000a4f00000, 0x00000000a4f00000| Untracked 
|  80|0x00000000a5000000, 0x00000000a5000000, 0x00000000a5100000|  0%| F|  |TAMS 0x00000000a5000000, 0x00000000a5000000| Untracked 
|  81|0x00000000a5100000, 0x00000000a5100000, 0x00000000a5200000|  0%| F|  |TAMS 0x00000000a5100000, 0x00000000a5100000| Untracked 
|  82|0x00000000a5200000, 0x00000000a5200000, 0x00000000a5300000|  0%| F|  |TAMS 0x00000000a5200000, 0x00000000a5200000| Untracked 
|  83|0x00000000a5300000, 0x00000000a5300000, 0x00000000a5400000|  0%| F|  |TAMS 0x00000000a5300000, 0x00000000a5300000| Untracked 
|  84|0x00000000a5400000, 0x00000000a5400000, 0x00000000a5500000|  0%| F|  |TAMS 0x00000000a5400000, 0x00000000a5400000| Untracked 
|  85|0x00000000a5500000, 0x00000000a5500000, 0x00000000a5600000|  0%| F|  |TAMS 0x00000000a5500000, 0x00000000a5500000| Untracked 
|  86|0x00000000a5600000, 0x00000000a5600000, 0x00000000a5700000|  0%| F|  |TAMS 0x00000000a5600000, 0x00000000a5600000| Untracked 
|  87|0x00000000a5700000, 0x00000000a5700000, 0x00000000a5800000|  0%| F|  |TAMS 0x00000000a5700000, 0x00000000a5700000| Untracked 
|  88|0x00000000a5800000, 0x00000000a5800000, 0x00000000a5900000|  0%| F|  |TAMS 0x00000000a5800000, 0x00000000a5800000| Untracked 
|  89|0x00000000a5900000, 0x00000000a5900000, 0x00000000a5a00000|  0%| F|  |TAMS 0x00000000a5900000, 0x00000000a5900000| Untracked 
|  90|0x00000000a5a00000, 0x00000000a5a00000, 0x00000000a5b00000|  0%| F|  |TAMS 0x00000000a5a00000, 0x00000000a5a00000| Untracked 
|  91|0x00000000a5b00000, 0x00000000a5b00000, 0x00000000a5c00000|  0%| F|  |TAMS 0x00000000a5b00000, 0x00000000a5b00000| Untracked 
|  92|0x00000000a5c00000, 0x00000000a5c00000, 0x00000000a5d00000|  0%| F|  |TAMS 0x00000000a5c00000, 0x00000000a5c00000| Untracked 
|  93|0x00000000a5d00000, 0x00000000a5dde160, 0x00000000a5e00000| 86%| S|CS|TAMS 0x00000000a5d00000, 0x00000000a5d00000| Complete 
|  94|0x00000000a5e00000, 0x00000000a5f00000, 0x00000000a5f00000|100%| S|CS|TAMS 0x00000000a5e00000, 0x00000000a5e00000| Complete 
|  95|0x00000000a5f00000, 0x00000000a6000000, 0x00000000a6000000|100%| S|CS|TAMS 0x00000000a5f00000, 0x00000000a5f00000| Complete 
|  96|0x00000000a6000000, 0x00000000a6100000, 0x00000000a6100000|100%| S|CS|TAMS 0x00000000a6000000, 0x00000000a6000000| Complete 
|  97|0x00000000a6100000, 0x00000000a6100000, 0x00000000a6200000|  0%| F|  |TAMS 0x00000000a6100000, 0x00000000a6100000| Untracked 
|  98|0x00000000a6200000, 0x00000000a6200000, 0x00000000a6300000|  0%| F|  |TAMS 0x00000000a6200000, 0x00000000a6200000| Untracked 
|  99|0x00000000a6300000, 0x00000000a6300000, 0x00000000a6400000|  0%| F|  |TAMS 0x00000000a6300000, 0x00000000a6300000| Untracked 
| 100|0x00000000a6400000, 0x00000000a6400000, 0x00000000a6500000|  0%| F|  |TAMS 0x00000000a6400000, 0x00000000a6400000| Untracked 
| 101|0x00000000a6500000, 0x00000000a6500000, 0x00000000a6600000|  0%| F|  |TAMS 0x00000000a6500000, 0x00000000a6500000| Untracked 
| 102|0x00000000a6600000, 0x00000000a6600000, 0x00000000a6700000|  0%| F|  |TAMS 0x00000000a6600000, 0x00000000a6600000| Untracked 
| 103|0x00000000a6700000, 0x00000000a6700000, 0x00000000a6800000|  0%| F|  |TAMS 0x00000000a6700000, 0x00000000a6700000| Untracked 
| 104|0x00000000a6800000, 0x00000000a6800000, 0x00000000a6900000|  0%| F|  |TAMS 0x00000000a6800000, 0x00000000a6800000| Untracked 
| 105|0x00000000a6900000, 0x00000000a6900000, 0x00000000a6a00000|  0%| F|  |TAMS 0x00000000a6900000, 0x00000000a6900000| Untracked 
| 106|0x00000000a6a00000, 0x00000000a6a00000, 0x00000000a6b00000|  0%| F|  |TAMS 0x00000000a6a00000, 0x00000000a6a00000| Untracked 
| 107|0x00000000a6b00000, 0x00000000a6b00000, 0x00000000a6c00000|  0%| F|  |TAMS 0x00000000a6b00000, 0x00000000a6b00000| Untracked 
| 108|0x00000000a6c00000, 0x00000000a6c00000, 0x00000000a6d00000|  0%| F|  |TAMS 0x00000000a6c00000, 0x00000000a6c00000| Untracked 
| 109|0x00000000a6d00000, 0x00000000a6d00000, 0x00000000a6e00000|  0%| F|  |TAMS 0x00000000a6d00000, 0x00000000a6d00000| Untracked 
| 110|0x00000000a6e00000, 0x00000000a6e00000, 0x00000000a6f00000|  0%| F|  |TAMS 0x00000000a6e00000, 0x00000000a6e00000| Untracked 
| 111|0x00000000a6f00000, 0x00000000a6f00000, 0x00000000a7000000|  0%| F|  |TAMS 0x00000000a6f00000, 0x00000000a6f00000| Untracked 
| 112|0x00000000a7000000, 0x00000000a7000000, 0x00000000a7100000|  0%| F|  |TAMS 0x00000000a7000000, 0x00000000a7000000| Untracked 
| 113|0x00000000a7100000, 0x00000000a7100000, 0x00000000a7200000|  0%| F|  |TAMS 0x00000000a7100000, 0x00000000a7100000| Untracked 
| 114|0x00000000a7200000, 0x00000000a7200000, 0x00000000a7300000|  0%| F|  |TAMS 0x00000000a7200000, 0x00000000a7200000| Untracked 
| 115|0x00000000a7300000, 0x00000000a7300000, 0x00000000a7400000|  0%| F|  |TAMS 0x00000000a7300000, 0x00000000a7300000| Untracked 
| 116|0x00000000a7400000, 0x00000000a7400000, 0x00000000a7500000|  0%| F|  |TAMS 0x00000000a7400000, 0x00000000a7400000| Untracked 
| 117|0x00000000a7500000, 0x00000000a7500000, 0x00000000a7600000|  0%| F|  |TAMS 0x00000000a7500000, 0x00000000a7500000| Untracked 
| 118|0x00000000a7600000, 0x00000000a7600000, 0x00000000a7700000|  0%| F|  |TAMS 0x00000000a7600000, 0x00000000a7600000| Untracked 
| 119|0x00000000a7700000, 0x00000000a7700000, 0x00000000a7800000|  0%| F|  |TAMS 0x00000000a7700000, 0x00000000a7700000| Untracked 
| 120|0x00000000a7800000, 0x00000000a7800000, 0x00000000a7900000|  0%| F|  |TAMS 0x00000000a7800000, 0x00000000a7800000| Untracked 
| 121|0x00000000a7900000, 0x00000000a7900000, 0x00000000a7a00000|  0%| F|  |TAMS 0x00000000a7900000, 0x00000000a7900000| Untracked 
| 122|0x00000000a7a00000, 0x00000000a7a00000, 0x00000000a7b00000|  0%| F|  |TAMS 0x00000000a7a00000, 0x00000000a7a00000| Untracked 
| 123|0x00000000a7b00000, 0x00000000a7b00000, 0x00000000a7c00000|  0%| F|  |TAMS 0x00000000a7b00000, 0x00000000a7b00000| Untracked 
| 124|0x00000000a7c00000, 0x00000000a7c00000, 0x00000000a7d00000|  0%| F|  |TAMS 0x00000000a7c00000, 0x00000000a7c00000| Untracked 
| 125|0x00000000a7d00000, 0x00000000a7d00000, 0x00000000a7e00000|  0%| F|  |TAMS 0x00000000a7d00000, 0x00000000a7d00000| Untracked 
| 126|0x00000000a7e00000, 0x00000000a7e00000, 0x00000000a7f00000|  0%| F|  |TAMS 0x00000000a7e00000, 0x00000000a7e00000| Untracked 
| 127|0x00000000a7f00000, 0x00000000a7f00000, 0x00000000a8000000|  0%| F|  |TAMS 0x00000000a7f00000, 0x00000000a7f00000| Untracked 
| 128|0x00000000a8000000, 0x00000000a8000000, 0x00000000a8100000|  0%| F|  |TAMS 0x00000000a8000000, 0x00000000a8000000| Untracked 
| 129|0x00000000a8100000, 0x00000000a8100000, 0x00000000a8200000|  0%| F|  |TAMS 0x00000000a8100000, 0x00000000a8100000| Untracked 
| 130|0x00000000a8200000, 0x00000000a8200000, 0x00000000a8300000|  0%| F|  |TAMS 0x00000000a8200000, 0x00000000a8200000| Untracked 
| 131|0x00000000a8300000, 0x00000000a8300000, 0x00000000a8400000|  0%| F|  |TAMS 0x00000000a8300000, 0x00000000a8300000| Untracked 

Card table byte_map: [0x000002a07f0c0000,0x000002a07f3c0000] _byte_map_base: 0x000002a07ebc0000

Marking Bits (Prev, Next): (CMBitMap*) 0x000002a07e2b1a40, (CMBitMap*) 0x000002a07e2b1a00
 Prev Bits: [0x000002a013c00000, 0x000002a015400000)
 Next Bits: [0x000002a012400000, 0x000002a013c00000)

Polling page: 0x000002a07e300000

Metaspace:

Usage:
  Non-class:     76.11 MB used.
      Class:     12.20 MB used.
       Both:     88.31 MB used.

Virtual space:
  Non-class space:       80.00 MB reserved,      76.50 MB ( 96%) committed,  10 nodes.
      Class space:        1.00 GB reserved,      12.50 MB (  1%) committed,  1 nodes.
             Both:        1.08 GB reserved,      89.00 MB (  8%) committed. 

Chunk freelists:
   Non-Class:  2.64 MB
       Class:  3.47 MB
        Both:  6.11 MB

MaxMetaspaceSize: unlimited
CompressedClassSpaceSize: 1.00 GB
Initial GC threshold: 21.00 MB
Current GC threshold: 141.25 MB
CDS: off
MetaspaceReclaimPolicy: balanced
 - commit_granule_bytes: 65536.
 - commit_granule_words: 8192.
 - virtual_space_node_default_size: 1048576.
 - enlarge_chunks_in_place: 1.
 - new_chunks_are_fully_committed: 0.
 - uncommit_free_chunks: 1.
 - use_allocation_guard: 0.
 - handle_deallocations: 1.


Internal statistics:

num_allocs_failed_limit: 11.
num_arena_births: 830.
num_arena_deaths: 0.
num_vsnodes_births: 11.
num_vsnodes_deaths: 0.
num_space_committed: 1424.
num_space_uncommitted: 0.
num_chunks_returned_to_freelist: 11.
num_chunks_taken_from_freelist: 4061.
num_chunk_merges: 6.
num_chunk_splits: 2770.
num_chunks_enlarged: 1936.
num_purges: 0.
num_inconsistent_stats: 0.

CodeHeap 'non-profiled nmethods': size=120000Kb used=5025Kb max_used=5025Kb free=114974Kb
 bounds [0x000002a00aed0000, 0x000002a00b3c0000, 0x000002a012400000]
CodeHeap 'profiled nmethods': size=120000Kb used=16500Kb max_used=16500Kb free=103499Kb
 bounds [0x000002a003400000, 0x000002a004420000, 0x000002a00a930000]
CodeHeap 'non-nmethods': size=5760Kb used=2402Kb max_used=2445Kb free=3357Kb
 bounds [0x000002a00a930000, 0x000002a00aba0000, 0x000002a00aed0000]
 total_blobs=9175 nmethods=8248 adapters=839
 compilation: enabled
              stopped_count=0, restarted_count=0
 full_count=0

Compilation events (20 events):
Event: 18.500 Thread 0x000002a01804ce70 9057       2       groovyjarjarasm.asm.AnnotationWriter::computeAnnotationsSize (66 bytes)
Event: 18.500 Thread 0x000002a01804ce70 nmethod 9057 0x000002a004418d90 code [0x000002a004418f60, 0x000002a004419178]
Event: 18.500 Thread 0x000002a01804ce70 9058       2       groovyjarjarasm.asm.Attribute::putAttributes (78 bytes)
Event: 18.500 Thread 0x000002a01804ce70 nmethod 9058 0x000002a004419310 code [0x000002a004419520, 0x000002a004419838]
Event: 18.502 Thread 0x000002a01804ce70 9059       2       org.gradle.internal.extensibility.ExtensionsStorage::findByName (27 bytes)
Event: 18.502 Thread 0x000002a01804ce70 nmethod 9059 0x000002a004419b10 code [0x000002a004419cc0, 0x000002a004419e68]
Event: 18.502 Thread 0x000002a01804ce70 9060       1       org.gradle.launcher.daemon.server.exec.LogToClient::access$100 (5 bytes)
Event: 18.502 Thread 0x000002a01804ce70 nmethod 9060 0x000002a00b3b7f10 code [0x000002a00b3b80a0, 0x000002a00b3b8158]
Event: 18.504 Thread 0x000002a01804ce70 9061       2       groovyjarjarasm.asm.Type::appendDescriptor (185 bytes)
Event: 18.504 Thread 0x000002a01804ce70 nmethod 9061 0x000002a004419f90 code [0x000002a00441a1c0, 0x000002a00441a6b8]
Event: 18.504 Thread 0x000002a01804ce70 9062   !   2       org.gradle.initialization.DefaultBuildCancellationToken::isCancellationRequested (19 bytes)
Event: 18.505 Thread 0x000002a01804ce70 nmethod 9062 0x000002a00441aa10 code [0x000002a00441aba0, 0x000002a00441ad78]
Event: 18.505 Thread 0x000002a01804ce70 9063       2       org.gradle.execution.plan.DefaultPlanExecutor$ExecutorWorker$$Lambda$999/0x00000001008aca50::transform (20 bytes)
Event: 18.505 Thread 0x000002a01804ce70 nmethod 9063 0x000002a00441ae90 code [0x000002a00441b040, 0x000002a00441b1c8]
Event: 18.505 Thread 0x000002a01804ce70 9064   !   2       org.gradle.execution.plan.DefaultPlanExecutor$ExecutorWorker::lambda$getNextItem$1 (172 bytes)
Event: 18.506 Thread 0x000002a01804ce70 nmethod 9064 0x000002a00441b290 code [0x000002a00441b5a0, 0x000002a00441bfe8]
Event: 18.506 Thread 0x000002a01804ce70 9065       2       org.gradle.internal.typeconversion.NotationParserBuilder::toType (18 bytes)
Event: 18.506 Thread 0x000002a01804ce70 nmethod 9065 0x000002a00441c690 code [0x000002a00441c840, 0x000002a00441cbd8]
Event: 18.506 Thread 0x000002a01804ce70 9066       2       org.gradle.internal.typeconversion.NotationParserBuilder::toComposite (9 bytes)
Event: 18.506 Thread 0x000002a01804ce70 nmethod 9066 0x000002a00441cd10 code [0x000002a00441cec0, 0x000002a00441d018]

GC Heap History (20 events):
Event: 15.190 GC heap after
{Heap after GC invocations=22 (full 0):
 garbage-first heap   total 122880K, used 62764K [0x00000000a0000000, 0x0000000100000000)
  region size 1024K, 6 young (6144K), 6 survivors (6144K)
 Metaspace       used 74061K, committed 74688K, reserved 1114112K
  class space    used 10001K, committed 10304K, reserved 1048576K
}
Event: 15.583 GC heap before
{Heap before GC invocations=23 (full 0):
 garbage-first heap   total 132096K, used 102700K [0x00000000a0000000, 0x0000000100000000)
  region size 1024K, 40 young (40960K), 6 survivors (6144K)
 Metaspace       used 76400K, committed 76928K, reserved 1122304K
  class space    used 10317K, committed 10560K, reserved 1048576K
}
Event: 15.588 GC heap after
{Heap after GC invocations=24 (full 0):
 garbage-first heap   total 132096K, used 63591K [0x00000000a0000000, 0x0000000100000000)
  region size 1024K, 3 young (3072K), 3 survivors (3072K)
 Metaspace       used 76400K, committed 76928K, reserved 1122304K
  class space    used 10317K, committed 10560K, reserved 1048576K
}
Event: 15.716 GC heap before
{Heap before GC invocations=24 (full 0):
 garbage-first heap   total 132096K, used 73831K [0x00000000a0000000, 0x0000000100000000)
  region size 1024K, 14 young (14336K), 3 survivors (3072K)
 Metaspace       used 77322K, committed 77888K, reserved 1122304K
  class space    used 10412K, committed 10688K, reserved 1048576K
}
Event: 15.719 GC heap after
{Heap after GC invocations=25 (full 0):
 garbage-first heap   total 132096K, used 64214K [0x00000000a0000000, 0x0000000100000000)
  region size 1024K, 4 young (4096K), 4 survivors (4096K)
 Metaspace       used 77322K, committed 77888K, reserved 1122304K
  class space    used 10412K, committed 10688K, reserved 1048576K
}
Event: 16.310 GC heap before
{Heap before GC invocations=26 (full 0):
 garbage-first heap   total 132096K, used 108246K [0x00000000a0000000, 0x0000000100000000)
  region size 1024K, 46 young (47104K), 4 survivors (4096K)
 Metaspace       used 80412K, committed 81024K, reserved 1122304K
  class space    used 10828K, committed 11072K, reserved 1048576K
}
Event: 16.315 GC heap after
{Heap after GC invocations=27 (full 0):
 garbage-first heap   total 132096K, used 66805K [0x00000000a0000000, 0x0000000100000000)
  region size 1024K, 6 young (6144K), 6 survivors (6144K)
 Metaspace       used 80412K, committed 81024K, reserved 1122304K
  class space    used 10828K, committed 11072K, reserved 1048576K
}
Event: 16.595 GC heap before
{Heap before GC invocations=27 (full 0):
 garbage-first heap   total 132096K, used 108789K [0x00000000a0000000, 0x0000000100000000)
  region size 1024K, 47 young (48128K), 6 survivors (6144K)
 Metaspace       used 80841K, committed 81536K, reserved 1122304K
  class space    used 10911K, committed 11200K, reserved 1048576K
}
Event: 16.602 GC heap after
{Heap after GC invocations=28 (full 0):
 garbage-first heap   total 132096K, used 68902K [0x00000000a0000000, 0x0000000100000000)
  region size 1024K, 5 young (5120K), 5 survivors (5120K)
 Metaspace       used 80841K, committed 81536K, reserved 1122304K
  class space    used 10911K, committed 11200K, reserved 1048576K
}
Event: 16.935 GC heap before
{Heap before GC invocations=29 (full 0):
 garbage-first heap   total 132096K, used 108838K [0x00000000a0000000, 0x0000000100000000)
  region size 1024K, 44 young (45056K), 5 survivors (5120K)
 Metaspace       used 81724K, committed 82368K, reserved 1122304K
  class space    used 11014K, committed 11328K, reserved 1048576K
}
Event: 16.943 GC heap after
{Heap after GC invocations=30 (full 0):
 garbage-first heap   total 132096K, used 72643K [0x00000000a0000000, 0x0000000100000000)
  region size 1024K, 6 young (6144K), 6 survivors (6144K)
 Metaspace       used 81724K, committed 82368K, reserved 1122304K
  class space    used 11014K, committed 11328K, reserved 1048576K
}
Event: 16.958 GC heap before
{Heap before GC invocations=30 (full 0):
 garbage-first heap   total 132096K, used 73667K [0x00000000a0000000, 0x0000000100000000)
  region size 1024K, 7 young (7168K), 6 survivors (6144K)
 Metaspace       used 81834K, committed 82496K, reserved 1122304K
  class space    used 11029K, committed 11328K, reserved 1048576K
}
Event: 16.965 GC heap after
{Heap after GC invocations=31 (full 0):
 garbage-first heap   total 132096K, used 72811K [0x00000000a0000000, 0x0000000100000000)
  region size 1024K, 1 young (1024K), 1 survivors (1024K)
 Metaspace       used 81834K, committed 82496K, reserved 1122304K
  class space    used 11029K, committed 11328K, reserved 1048576K
}
Event: 17.613 GC heap before
{Heap before GC invocations=31 (full 0):
 garbage-first heap   total 132096K, used 108651K [0x00000000a0000000, 0x0000000100000000)
  region size 1024K, 36 young (36864K), 1 survivors (1024K)
 Metaspace       used 85654K, committed 86336K, reserved 1130496K
  class space    used 11742K, committed 12032K, reserved 1048576K
}
Event: 17.617 GC heap after
{Heap after GC invocations=32 (full 0):
 garbage-first heap   total 132096K, used 74265K [0x00000000a0000000, 0x0000000100000000)
  region size 1024K, 3 young (3072K), 3 survivors (3072K)
 Metaspace       used 85654K, committed 86336K, reserved 1130496K
  class space    used 11742K, committed 12032K, reserved 1048576K
}
Event: 18.185 GC heap before
{Heap before GC invocations=33 (full 0):
 garbage-first heap   total 135168K, used 109081K [0x00000000a0000000, 0x0000000100000000)
  region size 1024K, 37 young (37888K), 3 survivors (3072K)
 Metaspace       used 88157K, committed 88832K, reserved 1130496K
  class space    used 12100K, committed 12416K, reserved 1048576K
}
Event: 18.190 GC heap after
{Heap after GC invocations=34 (full 0):
 garbage-first heap   total 135168K, used 77152K [0x00000000a0000000, 0x0000000100000000)
  region size 1024K, 5 young (5120K), 5 survivors (5120K)
 Metaspace       used 88157K, committed 88832K, reserved 1130496K
  class space    used 12100K, committed 12416K, reserved 1048576K
}
Event: 18.194 GC heap before
{Heap before GC invocations=34 (full 0):
 garbage-first heap   total 135168K, used 78176K [0x00000000a0000000, 0x0000000100000000)
  region size 1024K, 6 young (6144K), 5 survivors (5120K)
 Metaspace       used 88159K, committed 88832K, reserved 1130496K
  class space    used 12100K, committed 12416K, reserved 1048576K
}
Event: 18.201 GC heap after
{Heap after GC invocations=35 (full 0):
 garbage-first heap   total 135168K, used 77371K [0x00000000a0000000, 0x0000000100000000)
  region size 1024K, 1 young (1024K), 1 survivors (1024K)
 Metaspace       used 88159K, committed 88832K, reserved 1130496K
  class space    used 12100K, committed 12416K, reserved 1048576K
}
Event: 18.600 GC heap before
{Heap before GC invocations=35 (full 0):
 garbage-first heap   total 135168K, used 112187K [0x00000000a0000000, 0x0000000100000000)
  region size 1024K, 35 young (35840K), 1 survivors (1024K)
 Metaspace       used 90432K, committed 91136K, reserved 1130496K
  class space    used 12492K, committed 12800K, reserved 1048576K
}

Dll operation events (2 events):
Event: 0.011 Loaded shared library C:\Program Files\Android\Android Studio\jbr\bin\java.dll
Event: 0.563 Loaded shared library C:\Program Files\Android\Android Studio\jbr\bin\verify.dll

Deoptimization events (20 events):
Event: 18.459 Thread 0x000002a01978f1f0 DEOPT PACKING pc=0x000002a00b2548ac sp=0x000000e9631f3be0
Event: 18.459 Thread 0x000002a01978f1f0 DEOPT UNPACKING pc=0x000002a00a98a1a3 sp=0x000000e9631f3b58 mode 2
Event: 18.459 Thread 0x000002a01978f1f0 Uncommon trap: trap_request=0xffffff45 fr.pc=0x000002a00afa8d30 relative=0x0000000000000470
Event: 18.459 Thread 0x000002a01978f1f0 Uncommon trap: reason=unstable_if action=reinterpret pc=0x000002a00afa8d30 method=java.lang.StringLatin1.regionMatchesCI([BI[BII)Z @ 72 c2
Event: 18.459 Thread 0x000002a01978f1f0 DEOPT PACKING pc=0x000002a00afa8d30 sp=0x000000e9631f3b00
Event: 18.459 Thread 0x000002a01978f1f0 DEOPT UNPACKING pc=0x000002a00a98a1a3 sp=0x000000e9631f3a90 mode 2
Event: 18.460 Thread 0x000002a01978f1f0 DEOPT PACKING pc=0x000002a0043d2bf5 sp=0x000000e9631f3400
Event: 18.460 Thread 0x000002a01978f1f0 DEOPT UNPACKING pc=0x000002a00a98ace3 sp=0x000000e9631f2928 mode 0
Event: 18.463 Thread 0x000002a01978f1f0 DEOPT PACKING pc=0x000002a0043d2b4d sp=0x000000e9631f3400
Event: 18.463 Thread 0x000002a01978f1f0 DEOPT UNPACKING pc=0x000002a00a98ace3 sp=0x000000e9631f2928 mode 0
Event: 18.475 Thread 0x000002a01978f1f0 Uncommon trap: trap_request=0xffffff45 fr.pc=0x000002a00b3b18fc relative=0x0000000000000f1c
Event: 18.475 Thread 0x000002a01978f1f0 Uncommon trap: reason=unstable_if action=reinterpret pc=0x000002a00b3b18fc method=groovy.lang.MetaClassImpl.checkIfStdMethod(Lgroovy/lang/MetaMethod;)V @ 167 c2
Event: 18.475 Thread 0x000002a01978f1f0 DEOPT PACKING pc=0x000002a00b3b18fc sp=0x000000e9631f2b70
Event: 18.475 Thread 0x000002a01978f1f0 DEOPT UNPACKING pc=0x000002a00a98a1a3 sp=0x000000e9631f2ae0 mode 2
Event: 18.479 Thread 0x000002a01978f1f0 Uncommon trap: trap_request=0xffffff45 fr.pc=0x000002a00b3b3c94 relative=0x0000000000000bd4
Event: 18.479 Thread 0x000002a01978f1f0 Uncommon trap: reason=unstable_if action=reinterpret pc=0x000002a00b3b3c94 method=groovy.lang.MetaClassImpl.checkIfStdMethod(Lgroovy/lang/MetaMethod;)V @ 167 c2
Event: 18.479 Thread 0x000002a01978f1f0 DEOPT PACKING pc=0x000002a00b3b3c94 sp=0x000000e9631f2b10
Event: 18.479 Thread 0x000002a01978f1f0 DEOPT UNPACKING pc=0x000002a00a98a1a3 sp=0x000000e9631f2ae8 mode 2
Event: 18.495 Thread 0x000002a01978f1f0 DEOPT PACKING pc=0x000002a003bdfa59 sp=0x000000e9631f0340
Event: 18.495 Thread 0x000002a01978f1f0 DEOPT UNPACKING pc=0x000002a00a98ace3 sp=0x000000e9631ef830 mode 0

Classes unloaded (0 events):
No events

Classes redefined (0 events):
No events

Internal exceptions (20 events):
Event: 18.342 Thread 0x000002a01978f1f0 Exception <a 'java/lang/ClassNotFoundException'{0x00000000a72eb0e0}: com/android/build/gradle/internal/tasks/NewIncrementalTaskCustomizer> (0x00000000a72eb0e0) 
thrown [s\src\hotspot\share\classfile\systemDictionary.cpp, line 256]
Event: 18.343 Thread 0x000002a01978f1f0 Exception <a 'java/lang/ClassNotFoundException'{0x00000000a710bd90}: com/android/build/gradle/tasks/MergeSourceSetFoldersCustomizer> (0x00000000a710bd90) 
thrown [s\src\hotspot\share\classfile\systemDictionary.cpp, line 256]
Event: 18.346 Thread 0x000002a01978f1f0 Exception <a 'java/lang/ClassNotFoundException'{0x00000000a7142000}: com/android/build/gradle/tasks/MergeSourceSetFolders_DecoratedCustomizer> (0x00000000a7142000) 
thrown [s\src\hotspot\share\classfile\systemDictionary.cpp, line 256]
Event: 18.366 Thread 0x000002a01978f1f0 Exception <a 'java/lang/ClassNotFoundException'{0x00000000a6fb5ec0}: com/android/build/gradle/internal/res/LinkApplicationAndroidResourcesTask_DecoratedBeanInfo> (0x00000000a6fb5ec0) 
thrown [s\src\hotspot\share\classfile\systemDictionary.cpp, line 256]
Event: 18.366 Thread 0x000002a01978f1f0 Exception <a 'java/lang/ClassNotFoundException'{0x00000000a6fc5df8}: com/android/build/gradle/internal/res/LinkApplicationAndroidResourcesTaskBeanInfo> (0x00000000a6fc5df8) 
thrown [s\src\hotspot\share\classfile\systemDictionary.cpp, line 256]
Event: 18.367 Thread 0x000002a01978f1f0 Exception <a 'java/lang/ClassNotFoundException'{0x00000000a6fd59c0}: com/android/build/gradle/tasks/ProcessAndroidResourcesBeanInfo> (0x00000000a6fd59c0) 
thrown [s\src\hotspot\share\classfile\systemDictionary.cpp, line 256]
Event: 18.367 Thread 0x000002a01978f1f0 Exception <a 'java/lang/ClassNotFoundException'{0x00000000a6fe55c0}: com/android/build/gradle/tasks/ProcessAndroidResourcesCustomizer> (0x00000000a6fe55c0) 
thrown [s\src\hotspot\share\classfile\systemDictionary.cpp, line 256]
Event: 18.368 Thread 0x000002a01978f1f0 Exception <a 'java/lang/ClassNotFoundException'{0x00000000a6e0d598}: com/android/build/gradle/internal/res/LinkApplicationAndroidResourcesTaskCustomizer> (0x00000000a6e0d598) 
thrown [s\src\hotspot\share\classfile\systemDictionary.cpp, line 256]
Event: 18.370 Thread 0x000002a01978f1f0 Exception <a 'java/lang/ClassNotFoundException'{0x00000000a6e74678}: com/android/build/gradle/internal/res/LinkApplicationAndroidResourcesTask_DecoratedCustomizer> (0x00000000a6e74678) 
thrown [s\src\hotspot\share\classfile\systemDictionary.cpp, line 256]
Event: 18.380 Thread 0x000002a01978f1f0 Exception <a 'java/lang/ClassNotFoundException'{0x00000000a6dca818}: com/android/build/gradle/internal/tasks/CompressAssetsTask_DecoratedBeanInfo> (0x00000000a6dca818) 
thrown [s\src\hotspot\share\classfile\systemDictionary.cpp, line 256]
Event: 18.380 Thread 0x000002a01978f1f0 Exception <a 'java/lang/ClassNotFoundException'{0x00000000a6dda540}: com/android/build/gradle/internal/tasks/CompressAssetsTaskBeanInfo> (0x00000000a6dda540) 
thrown [s\src\hotspot\share\classfile\systemDictionary.cpp, line 256]
Event: 18.380 Thread 0x000002a01978f1f0 Exception <a 'java/lang/ClassNotFoundException'{0x00000000a6dea248}: com/android/build/gradle/internal/tasks/CompressAssetsTaskCustomizer> (0x00000000a6dea248) 
thrown [s\src\hotspot\share\classfile\systemDictionary.cpp, line 256]
Event: 18.382 Thread 0x000002a01978f1f0 Exception <a 'java/lang/ClassNotFoundException'{0x00000000a6c10690}: com/android/build/gradle/internal/tasks/CompressAssetsTask_DecoratedCustomizer> (0x00000000a6c10690) 
thrown [s\src\hotspot\share\classfile\systemDictionary.cpp, line 256]
Event: 18.489 Thread 0x000002a01978f1f0 Exception <a 'java/lang/ClassNotFoundException'{0x00000000a67cb538}: java/lang/IntegerBeanInfo> (0x00000000a67cb538) 
thrown [s\src\hotspot\share\classfile\systemDictionary.cpp, line 256]
Event: 18.489 Thread 0x000002a01978f1f0 Exception <a 'java/lang/ClassNotFoundException'{0x00000000a67d5490}: java/lang/NumberBeanInfo> (0x00000000a67d5490) 
thrown [s\src\hotspot\share\classfile\systemDictionary.cpp, line 256]
Event: 18.490 Thread 0x000002a01978f1f0 Exception <a 'java/lang/ClassNotFoundException'{0x00000000a67df3e0}: java/lang/NumberCustomizer> (0x00000000a67df3e0) 
thrown [s\src\hotspot\share\classfile\systemDictionary.cpp, line 256]
Event: 18.490 Thread 0x000002a01978f1f0 Exception <a 'java/lang/ClassNotFoundException'{0x00000000a67ebe50}: java/lang/IntegerCustomizer> (0x00000000a67ebe50) 
thrown [s\src\hotspot\share\classfile\systemDictionary.cpp, line 256]
Event: 18.498 Thread 0x000002a01978f1f0 Exception <a 'java/lang/ClassNotFoundException'{0x00000000a666d028}: java/util/concurrent/ConcurrentHashMap$MapEntryBeanInfo> (0x00000000a666d028) 
thrown [s\src\hotspot\share\classfile\systemDictionary.cpp, line 256]
Event: 18.498 Thread 0x000002a01978f1f0 Exception <a 'java/lang/ClassNotFoundException'{0x00000000a6677f78}: java/util/concurrent/ConcurrentHashMap$MapEntryCustomizer> (0x00000000a6677f78) 
thrown [s\src\hotspot\share\classfile\systemDictionary.cpp, line 256]
Event: 18.537 Thread 0x000002a01978f1f0 Exception <a 'java/lang/NoSuchMethodError'{0x00000000a640d460}: 'void java.lang.invoke.DirectMethodHandle$Holder.invokeVirtual(java.lang.Object, java.lang.Object)'> (0x00000000a640d460) 
thrown [s\src\hotspot\share\interpreter\linkResolver.cpp, line 771]

VM Operations (20 events):
Event: 16.907 Executing VM operation: HandshakeAllThreads done
Event: 16.935 Executing VM operation: G1CollectForAllocation
Event: 16.943 Executing VM operation: G1CollectForAllocation done
Event: 16.958 Executing VM operation: G1CollectForAllocation
Event: 16.965 Executing VM operation: G1CollectForAllocation done
Event: 17.582 Executing VM operation: HandshakeAllThreads
Event: 17.582 Executing VM operation: HandshakeAllThreads done
Event: 17.613 Executing VM operation: G1CollectForAllocation
Event: 17.617 Executing VM operation: G1CollectForAllocation done
Event: 17.694 Executing VM operation: G1Concurrent
Event: 17.697 Executing VM operation: G1Concurrent done
Event: 17.731 Executing VM operation: G1Concurrent
Event: 17.732 Executing VM operation: G1Concurrent done
Event: 18.125 Executing VM operation: HandshakeAllThreads
Event: 18.125 Executing VM operation: HandshakeAllThreads done
Event: 18.184 Executing VM operation: G1CollectForAllocation
Event: 18.190 Executing VM operation: G1CollectForAllocation done
Event: 18.194 Executing VM operation: G1CollectForAllocation
Event: 18.201 Executing VM operation: G1CollectForAllocation done
Event: 18.600 Executing VM operation: G1CollectForAllocation

Events (20 events):
Event: 18.489 loading class java/lang/NumberCustomizer
Event: 18.489 loading class java/lang/NumberCustomizer done
Event: 18.489 loading class java/lang/NumberCustomizer
Event: 18.489 loading class java/lang/NumberCustomizer done
Event: 18.490 loading class java/lang/IntegerCustomizer
Event: 18.490 loading class java/lang/IntegerCustomizer done
Event: 18.490 loading class java/lang/IntegerCustomizer
Event: 18.490 loading class java/lang/IntegerCustomizer done
Event: 18.490 loading class jdk/internal/ValueBased
Event: 18.490 loading class jdk/internal/ValueBased done
Event: 18.491 loading class jdk/internal/reflect/UnsafeQualifiedStaticIntegerFieldAccessorImpl
Event: 18.492 loading class jdk/internal/reflect/UnsafeQualifiedStaticIntegerFieldAccessorImpl done
Event: 18.498 loading class java/util/concurrent/ConcurrentHashMap$MapEntryBeanInfo
Event: 18.498 loading class java/util/concurrent/ConcurrentHashMap$MapEntryBeanInfo done
Event: 18.498 loading class java/util/concurrent/ConcurrentHashMap$MapEntryBeanInfo
Event: 18.498 loading class java/util/concurrent/ConcurrentHashMap$MapEntryBeanInfo done
Event: 18.498 loading class java/util/concurrent/ConcurrentHashMap$MapEntryCustomizer
Event: 18.498 loading class java/util/concurrent/ConcurrentHashMap$MapEntryCustomizer done
Event: 18.498 loading class java/util/concurrent/ConcurrentHashMap$MapEntryCustomizer
Event: 18.498 loading class java/util/concurrent/ConcurrentHashMap$MapEntryCustomizer done


Dynamic libraries:
0x00007ff747b10000 - 0x00007ff747b1a000 	C:\Program Files\Android\Android Studio\jbr\bin\java.exe
0x00007ffb50eb0000 - 0x00007ffb510c7000 	C:\WINDOWS\SYSTEM32\ntdll.dll
0x00007ffb50560000 - 0x00007ffb50624000 	C:\WINDOWS\System32\KERNEL32.DLL
0x00007ffb4e410000 - 0x00007ffb4e7b6000 	C:\WINDOWS\System32\KERNELBASE.dll
0x00007ffb4e9f0000 - 0x00007ffb4eb01000 	C:\WINDOWS\System32\ucrtbase.dll
0x00007ffb360d0000 - 0x00007ffb360eb000 	C:\Program Files\Android\Android Studio\jbr\bin\VCRUNTIME140.dll
0x00007ffb25fa0000 - 0x00007ffb25fb7000 	C:\Program Files\Android\Android Studio\jbr\bin\jli.dll
0x00007ffb4ef00000 - 0x00007ffb4f0ae000 	C:\WINDOWS\System32\USER32.dll
0x00007ffb4e1f0000 - 0x00007ffb4e216000 	C:\WINDOWS\System32\win32u.dll
0x00007ffb3fcb0000 - 0x00007ffb3ff43000 	C:\WINDOWS\WinSxS\amd64_microsoft.windows.common-controls_6595b64144ccf1df_6.0.22621.2506_none_270c5ae97388e100\COMCTL32.dll
0x00007ffb50900000 - 0x00007ffb50929000 	C:\WINDOWS\System32\GDI32.dll
0x00007ffb4fb60000 - 0x00007ffb4fc07000 	C:\WINDOWS\System32\msvcrt.dll
0x00007ffb4e7c0000 - 0x00007ffb4e8d8000 	C:\WINDOWS\System32\gdi32full.dll
0x00007ffb4e950000 - 0x00007ffb4e9ea000 	C:\WINDOWS\System32\msvcp_win.dll
0x00007ffb4fc10000 - 0x00007ffb4fc41000 	C:\WINDOWS\System32\IMM32.DLL
0x0000000067920000 - 0x000000006792c000 	C:\Program Files (x86)\360\Total Security\safemon\SafeWrapper.dll
0x00007ffb4ff20000 - 0x00007ffb4ffd3000 	C:\WINDOWS\System32\ADVAPI32.dll
0x00007ffb4ed50000 - 0x00007ffb4edf8000 	C:\WINDOWS\System32\sechost.dll
0x00007ffb4ebd0000 - 0x00007ffb4ebf8000 	C:\WINDOWS\System32\bcrypt.dll
0x00007ffb50d40000 - 0x00007ffb50e57000 	C:\WINDOWS\System32\RPCRT4.dll
0x00007ffb19350000 - 0x00007ffb193e2000 	C:\Program Files (x86)\360\Total Security\safemon\libzdtp64.dll
0x00007ffb4f300000 - 0x00007ffb4fb5a000 	C:\WINDOWS\System32\SHELL32.dll
0x00007ffb508a0000 - 0x00007ffb508fe000 	C:\WINDOWS\System32\SHLWAPI.dll
0x00007ffb4dc70000 - 0x00007ffb4dc7a000 	C:\WINDOWS\SYSTEM32\VERSION.dll
0x00007ffb487b0000 - 0x00007ffb487bc000 	C:\Program Files\Android\Android Studio\jbr\bin\vcruntime140_1.dll
0x00007ffb26f10000 - 0x00007ffb26f9d000 	C:\Program Files\Android\Android Studio\jbr\bin\msvcp140.dll
0x00007ffaf5b90000 - 0x00007ffaf67fe000 	C:\Program Files\Android\Android Studio\jbr\bin\server\jvm.dll
0x00007ffb43250000 - 0x00007ffb43284000 	C:\WINDOWS\SYSTEM32\WINMM.dll
0x00007ffb46930000 - 0x00007ffb46939000 	C:\WINDOWS\SYSTEM32\WSOCK32.dll
0x00007ffb4ee00000 - 0x00007ffb4ee71000 	C:\WINDOWS\System32\WS2_32.dll
0x00007ffb4d2a0000 - 0x00007ffb4d2b8000 	C:\WINDOWS\SYSTEM32\kernel.appcore.dll
0x00007ffb44770000 - 0x00007ffb4477a000 	C:\Program Files\Android\Android Studio\jbr\bin\jimage.dll
0x00007ffb4baf0000 - 0x00007ffb4bd23000 	C:\WINDOWS\SYSTEM32\DBGHELP.DLL
0x00007ffb509b0000 - 0x00007ffb50d39000 	C:\WINDOWS\System32\combase.dll
0x00007ffb4fc50000 - 0x00007ffb4fd27000 	C:\WINDOWS\System32\OLEAUT32.dll
0x00007ffb3cac0000 - 0x00007ffb3caf2000 	C:\WINDOWS\SYSTEM32\dbgcore.DLL
0x00007ffb4e390000 - 0x00007ffb4e40a000 	C:\WINDOWS\System32\bcryptPrimitives.dll
0x00007ffb2a280000 - 0x00007ffb2a2a5000 	C:\Program Files\Android\Android Studio\jbr\bin\java.dll
0x00007ffb2a260000 - 0x00007ffb2a278000 	C:\Program Files\Android\Android Studio\jbr\bin\zip.dll
0x00007ffb4c0d0000 - 0x00007ffb4c9c6000 	C:\WINDOWS\SYSTEM32\windows.storage.dll
0x00007ffb4bf90000 - 0x00007ffb4c0ce000 	C:\WINDOWS\SYSTEM32\wintypes.dll
0x00007ffb50740000 - 0x00007ffb50833000 	C:\WINDOWS\System32\SHCORE.dll
0x00007ffb4e120000 - 0x00007ffb4e146000 	C:\WINDOWS\SYSTEM32\profapi.dll
0x00007ffb27dd0000 - 0x00007ffb27de9000 	C:\Program Files\Android\Android Studio\jbr\bin\net.dll
0x00007ffb44a90000 - 0x00007ffb44bc7000 	C:\WINDOWS\SYSTEM32\WINHTTP.dll
0x00007ffb4d720000 - 0x00007ffb4d789000 	C:\WINDOWS\system32\mswsock.dll
0x00007ffb27db0000 - 0x00007ffb27dc6000 	C:\Program Files\Android\Android Studio\jbr\bin\nio.dll
0x00007ffb44760000 - 0x00007ffb44770000 	C:\Program Files\Android\Android Studio\jbr\bin\verify.dll
0x00007ffb360a0000 - 0x00007ffb360c7000 	C:\Users\39327\.gradle\native\e1d6ef7f7dcc3fd88c89a11ec53ec762bb8ba0a96d01ffa2cd45eb1d1d8dd5c5\windows-amd64\native-platform.dll
0x00007ffafa940000 - 0x00007ffafaa84000 	C:\Users\39327\.gradle\native\0d407fdbe67a94daf76414ababcb853783967236a71b16ec16e742cd7a986fd3\windows-amd64\native-platform-file-events.dll
0x00007ffb40c20000 - 0x00007ffb40c29000 	C:\Program Files\Android\Android Studio\jbr\bin\management.dll
0x00007ffb40ae0000 - 0x00007ffb40aeb000 	C:\Program Files\Android\Android Studio\jbr\bin\management_ext.dll
0x00007ffb4ff10000 - 0x00007ffb4ff18000 	C:\WINDOWS\System32\PSAPI.DLL
0x00007ffb4d980000 - 0x00007ffb4d99b000 	C:\WINDOWS\SYSTEM32\CRYPTSP.dll
0x00007ffb4d200000 - 0x00007ffb4d235000 	C:\WINDOWS\system32\rsaenh.dll
0x00007ffb4d810000 - 0x00007ffb4d83c000 	C:\WINDOWS\SYSTEM32\USERENV.dll
0x00007ffb4d970000 - 0x00007ffb4d97c000 	C:\WINDOWS\SYSTEM32\CRYPTBASE.dll
0x00007ffb4ccb0000 - 0x00007ffb4ccdd000 	C:\WINDOWS\SYSTEM32\IPHLPAPI.DLL
0x00007ffb50730000 - 0x00007ffb50739000 	C:\WINDOWS\System32\NSI.dll
0x00007ffb46040000 - 0x00007ffb46059000 	C:\WINDOWS\SYSTEM32\dhcpcsvc6.DLL
0x00007ffb44c60000 - 0x00007ffb44c7f000 	C:\WINDOWS\SYSTEM32\dhcpcsvc.DLL
0x00007ffb4cce0000 - 0x00007ffb4cdd9000 	C:\WINDOWS\SYSTEM32\DNSAPI.dll
0x00007ffb23ba0000 - 0x00007ffb23ba8000 	C:\WINDOWS\system32\wshunix.dll

dbghelp: loaded successfully - version: 4.0.5 - missing functions: none
symbol engine: initialized successfully - sym options: 0x614 - pdb path: .;C:\Program Files\Android\Android Studio\jbr\bin;C:\WINDOWS\SYSTEM32;C:\WINDOWS\WinSxS\amd64_microsoft.windows.common-controls_6595b64144ccf1df_6.0.22621.2506_none_270c5ae97388e100;C:\Program Files (x86)\360\Total Security\safemon;C:\Program Files\Android\Android Studio\jbr\bin\server;C:\Users\39327\.gradle\native\e1d6ef7f7dcc3fd88c89a11ec53ec762bb8ba0a96d01ffa2cd45eb1d1d8dd5c5\windows-amd64;C:\Users\39327\.gradle\native\0d407fdbe67a94daf76414ababcb853783967236a71b16ec16e742cd7a986fd3\windows-amd64

VM Arguments:
jvm_args: --add-opens=java.base/java.util=ALL-UNNAMED --add-opens=java.base/java.lang=ALL-UNNAMED --add-opens=java.base/java.lang.invoke=ALL-UNNAMED --add-opens=java.base/java.util=ALL-UNNAMED --add-opens=java.prefs/java.util.prefs=ALL-UNNAMED --add-opens=java.prefs/java.util.prefs=ALL-UNNAMED --add-opens=java.base/java.nio.charset=ALL-UNNAMED --add-opens=java.base/java.net=ALL-UNNAMED --add-opens=java.base/java.util.concurrent.atomic=ALL-UNNAMED -Xmx1536M -Dfile.encoding=windows-1256 -Duser.country=US -Duser.language=en -Duser.variant 
java_command: org.gradle.launcher.daemon.bootstrap.GradleDaemon 7.5
java_class_path (initial): C:\Users\39327\.gradle\wrapper\dists\gradle-7.5-all\6qsw290k5lz422uaf8jf6m7co\gradle-7.5\lib\gradle-launcher-7.5.jar
Launcher Type: SUN_STANDARD

[Global flags]
     intx CICompilerCount                          = 4                                         {product} {ergonomic}
     uint ConcGCThreads                            = 2                                         {product} {ergonomic}
     uint G1ConcRefinementThreads                  = 8                                         {product} {ergonomic}
   size_t G1HeapRegionSize                         = 1048576                                   {product} {ergonomic}
    uintx GCDrainStackTargetSize                   = 64                                        {product} {ergonomic}
   size_t InitialHeapSize                          = 130023424                                 {product} {ergonomic}
   size_t MarkStackSize                            = 4194304                                   {product} {ergonomic}
   size_t MaxHeapSize                              = 1610612736                                {product} {command line}
   size_t MaxNewSize                               = 965738496                                 {product} {ergonomic}
   size_t MinHeapDeltaBytes                        = 1048576                                   {product} {ergonomic}
   size_t MinHeapSize                              = 8388608                                   {product} {ergonomic}
    uintx NonNMethodCodeHeapSize                   = 5839372                                {pd product} {ergonomic}
    uintx NonProfiledCodeHeapSize                  = 122909434                              {pd product} {ergonomic}
    uintx ProfiledCodeHeapSize                     = 122909434                              {pd product} {ergonomic}
    uintx ReservedCodeCacheSize                    = 251658240                              {pd product} {ergonomic}
     bool SegmentedCodeCache                       = true                                      {product} {ergonomic}
   size_t SoftMaxHeapSize                          = 1610612736                             {manageable} {ergonomic}
     bool UseCompressedClassPointers               = true                           {product lp64_product} {ergonomic}
     bool UseCompressedOops                        = true                           {product lp64_product} {ergonomic}
     bool UseG1GC                                  = true                                      {product} {ergonomic}
     bool UseLargePagesIndividualAllocation        = false                                  {pd product} {ergonomic}

Logging:
Log output configuration:
 #0: stdout all=warning uptime,level,tags
 #1: stderr all=off uptime,level,tags

Environment Variables:
JAVA_HOME=C:\Program Files\Android\Android Studio\jbr
CLASSPATH=C:\Users\39327\StudioProjects\islamii\android\\gradle\wrapper\gradle-wrapper.jar
PATH=C:\Program Files\Android\Android Studio\jbr\bin;C:\Program Files\Common Files\Oracle\Java\javapath;C:\Program Files (x86)\Common Files\Oracle\Java\javapath;C:\windows\system32;C:\windows;C:\windows\System32\Wbem;C:\windows\System32\WindowsPowerShell\v1.0\;C:\windows\System32\OpenSSH\;C:\Program Files (x86)\NVIDIA Corporation\PhysX\Common;C:\Program Files\NVIDIA Corporation\NVIDIA NvDLISR;C:\Program Files\dotnet\;C:\Program Files\Java\jdk-20;C:\Program Files\Java\jdk-20\bin;C:\Program Files\Git\cmd;C:\WINDOWS\system32;C:\WINDOWS;C:\WINDOWS\System32\Wbem;C:\WINDOWS\System32\WindowsPowerShell\v1.0\;C:\WINDOWS\System32\OpenSSH\;C:\Users\39327\AppData\Local\Microsoft\WindowsApps;C:\Users\39327\.dotnet\tools;C:\Program Files\Java\jdk-20;C:\Program Files\Java\jdk-20\bin;C:\Users\39327\Downloads\Compressed\flutterSDK\flutter\bin;;C:\Users\39327\AppData\Local\Programs\Microsoft VS Code\bin;C:\Users\39327\Downloads\Compressed\flutterSDK\flutter\bin\mingit\cmd
USERNAME=39327
OS=Windows_NT
PROCESSOR_IDENTIFIER=Intel64 Family 6 Model 140 Stepping 1, GenuineIntel
TMP=C:\Users\39327\AppData\Local\Temp
TEMP=C:\Users\39327\AppData\Local\Temp


JNI global refs:
JNI global refs: 26, weak refs: 6

JNI global refs memory usage: 843, weak refs: 841


---------------  S Y S T E M  ---------------

OS:
 Windows 11 , 64 bit Build 22621 (10.0.22621.2506)
OS uptime: 0 days 8:53 hours

CPU: total 8 (initial active 8) (4 cores per cpu, 2 threads per core) family 6 model 140 stepping 1 microcode 0xac, cx8, cmov, fxsr, ht, mmx, 3dnowpref, sse, sse2, sse3, ssse3, sse4.1, sse4.2, popcnt, lzcnt, tsc, tscinvbit, avx, avx2, aes, erms, clmul, bmi1, bmi2, adx, avx512f, avx512dq, avx512cd, avx512bw, avx512vl, sha, fma, vzeroupper, avx512_vpopcntdq, avx512_vpclmulqdq, avx512_vaes, avx512_vnni, clflush, clflushopt, clwb, avx512_vbmi2, avx512_vbmi

Memory: 4k page, system-wide physical 7932M (450M free)
TotalPageFile size 17073M (AvailPageFile size 173M)
current process WorkingSet (physical memory assigned to process): 399M, peak: 408M
current process commit charge ("private bytes"): 433M, peak: 663M

vm_info: OpenJDK 64-Bit Server VM (17.0.6+0-b2043.56-10027231) for windows-amd64 JRE (17.0.6+0-b2043.56-10027231), built on Apr 28 2023 00:43:19 by "androidbuild" with MS VC++ 16.10 / 16.11 (VS2019)

END.
