#
# There is insufficient memory for the Java Runtime Environment to continue.
# Native memory allocation (malloc) failed to allocate 361520 bytes for Chunk::new
# Possible reasons:
#   The system is out of physical RAM or swap space
#   The process is running with CompressedOops enabled, and the Java Heap may be blocking the growth of the native heap
# Possible solutions:
#   Reduce memory load on the system
#   Increase physical memory or swap space
#   Check if swap backing store is full
#   Decrease Java heap size (-Xmx/-Xms)
#   Decrease number of Java threads
#   Decrease Java thread stack sizes (-Xss)
#   Set larger code cache with -XX:ReservedCodeCacheSize=
#   JVM is running with Unscaled Compressed Oops mode in which the Java heap is
#     placed in the first 4GB address space. The Java Heap base address is the
#     maximum limit for the native heap growth. Please use -XX:HeapBaseMinAddress
#     to set the Java Heap base and to place the Java Heap above 4GB virtual address.
# This output file may be truncated or incomplete.
#
#  Out of Memory Error (arena.cpp:189), pid=20572, tid=20184
#
# JRE version: OpenJDK Runtime Environment (17.0.6) (build 17.0.6+0-b2043.56-10027231)
# Java VM: OpenJDK 64-Bit Server VM (17.0.6+0-b2043.56-10027231, mixed mode, tiered, compressed oops, compressed class ptrs, g1 gc, windows-amd64)
# No core dump will be written. Minidumps are not enabled by default on client versions of Windows
#

---------------  S U M M A R Y ------------

Command Line: -Dorg.gradle.appname=gradlew org.gradle.wrapper.GradleWrapperMain -q -Ptarget-platform=android-x86 -Ptarget=C:\Users\39327\StudioProjects\islamii\lib\main.dart -Pbase-application-name=android.app.Application -Pdart-defines=Zmx1dHRlci5pbnNwZWN0b3Iuc3RydWN0dXJlZEVycm9ycz10cnVl,RkxVVFRFUl9XRUJfQVVUT19ERVRFQ1Q9dHJ1ZQ==,RkxVVFRFUl9XRUJfQ0FOVkFTS0lUX1VSTD1odHRwczovL3d3dy5nc3RhdGljLmNvbS9mbHV0dGVyLWNhbnZhc2tpdC8xYWM2MTFjNjRlYWRiZDkzYzVmNWFiYTU0OTRiOGZjM2IzNWVlOTUyLw== -Pdart-obfuscation=false -Ptrack-widget-creation=true -Ptree-shake-icons=false -Pfilesystem-scheme=org-dartlang-root assembleDebug

Host: 11th Gen Intel(R) Core(TM) i7-1165G7 @ 2.80GHz, 8 cores, 7G,  Windows 11 , 64 bit Build 22621 (10.0.22621.2506)
Time: Fri Feb 16 19:05:03 2024 Egypt Standard Time elapsed time: 1.397134 seconds (0d 0h 0m 1s)

---------------  T H R E A D  ---------------

Current thread (0x00000161bd864cf0):  JavaThread "C2 CompilerThread0" daemon [_thread_in_native, id=20184, stack(0x00000045a6200000,0x00000045a6300000)]


Current CompileTask:
C2:   1397 1117 % !   4       java.util.concurrent.ConcurrentHashMap::transfer @ 96 (849 bytes)

Stack: [0x00000045a6200000,0x00000045a6300000]
Native frames: (J=compiled Java code, j=interpreted, Vv=VM code, C=native code)
V  [jvm.dll+0x683c9a]
V  [jvm.dll+0x8427a4]
V  [jvm.dll+0x843f9e]
V  [jvm.dll+0x844603]
V  [jvm.dll+0x249b75]
V  [jvm.dll+0xabcac]
V  [jvm.dll+0xac27c]
V  [jvm.dll+0x368857]
V  [jvm.dll+0x332f31]
V  [jvm.dll+0x3323da]
V  [jvm.dll+0x21c201]
V  [jvm.dll+0x21b621]
V  [jvm.dll+0x1a4fdd]
V  [jvm.dll+0x22b098]
V  [jvm.dll+0x229159]
V  [jvm.dll+0x7f81ec]
V  [jvm.dll+0x7f274a]
V  [jvm.dll+0x682ad5]
C  [ucrtbase.dll+0x29363]
C  [KERNEL32.DLL+0x1257d]
C  [ntdll.dll+0x5aa58]


---------------  P R O C E S S  ---------------

Threads class SMR info:
_java_thread_list=0x00000161be39a930, length=13, elements={
0x00000161a30c6a50, 0x00000161bd83a260, 0x00000161bd83afe0, 0x00000161bd84b600,
0x00000161bd84bfb0, 0x00000161bd84c960, 0x00000161bd84d310, 0x00000161bd864cf0,
0x00000161bd8659c0, 0x00000161bd8662c0, 0x00000161bd9decb0, 0x00000161bd9f15f0,
0x00000161be1dd130
}

Java Threads: ( => current thread )
  0x00000161a30c6a50 JavaThread "main" [_thread_in_native, id=17028, stack(0x00000045a5500000,0x00000045a5600000)]
  0x00000161bd83a260 JavaThread "Reference Handler" daemon [_thread_blocked, id=5700, stack(0x00000045a5c00000,0x00000045a5d00000)]
  0x00000161bd83afe0 JavaThread "Finalizer" daemon [_thread_blocked, id=7456, stack(0x00000045a5d00000,0x00000045a5e00000)]
  0x00000161bd84b600 JavaThread "Signal Dispatcher" daemon [_thread_blocked, id=7780, stack(0x00000045a5e00000,0x00000045a5f00000)]
  0x00000161bd84bfb0 JavaThread "Attach Listener" daemon [_thread_blocked, id=9464, stack(0x00000045a5f00000,0x00000045a6000000)]
  0x00000161bd84c960 JavaThread "Service Thread" daemon [_thread_blocked, id=1928, stack(0x00000045a6000000,0x00000045a6100000)]
  0x00000161bd84d310 JavaThread "Monitor Deflation Thread" daemon [_thread_blocked, id=16764, stack(0x00000045a6100000,0x00000045a6200000)]
=>0x00000161bd864cf0 JavaThread "C2 CompilerThread0" daemon [_thread_in_native, id=20184, stack(0x00000045a6200000,0x00000045a6300000)]
  0x00000161bd8659c0 JavaThread "C1 CompilerThread0" daemon [_thread_blocked, id=20140, stack(0x00000045a6300000,0x00000045a6400000)]
  0x00000161bd8662c0 JavaThread "Sweeper thread" daemon [_thread_blocked, id=4844, stack(0x00000045a6400000,0x00000045a6500000)]
  0x00000161bd9decb0 JavaThread "Notification Thread" daemon [_thread_blocked, id=19556, stack(0x00000045a6500000,0x00000045a6600000)]
  0x00000161bd9f15f0 JavaThread "Common-Cleaner" daemon [_thread_blocked, id=4704, stack(0x00000045a6700000,0x00000045a6800000)]
  0x00000161be1dd130 JavaThread "pool-1-thread-1" [_thread_blocked, id=20760, stack(0x00000045a6c00000,0x00000045a6d00000)]

Other Threads:
  0x00000161bccd2a70 VMThread "VM Thread" [stack: 0x00000045a5b00000,0x00000045a5c00000] [id=13328]
  0x00000161a3141690 WatcherThread [stack: 0x00000045a6600000,0x00000045a6700000] [id=7172]
  0x00000161a3120680 GCTaskThread "GC Thread#0" [stack: 0x00000045a5600000,0x00000045a5700000] [id=16900]
  0x00000161bdc868b0 GCTaskThread "GC Thread#1" [stack: 0x00000045a6800000,0x00000045a6900000] [id=18892]
  0x00000161bec16c30 GCTaskThread "GC Thread#2" [stack: 0x00000045a6900000,0x00000045a6a00000] [id=1452]
  0x00000161be3ca9c0 GCTaskThread "GC Thread#3" [stack: 0x00000045a6a00000,0x00000045a6b00000] [id=18380]
  0x00000161be3cac70 GCTaskThread "GC Thread#4" [stack: 0x00000045a6b00000,0x00000045a6c00000] [id=6612]
  0x00000161a3130c60 ConcurrentGCThread "G1 Main Marker" [stack: 0x00000045a5700000,0x00000045a5800000] [id=19732]
  0x00000161a3131510 ConcurrentGCThread "G1 Conc#0" [stack: 0x00000045a5800000,0x00000045a5900000] [id=5376]
  0x00000161bcb44200 ConcurrentGCThread "G1 Refine#0" [stack: 0x00000045a5900000,0x00000045a5a00000] [id=9552]
  0x00000161bcb468e0 ConcurrentGCThread "G1 Service" [stack: 0x00000045a5a00000,0x00000045a5b00000] [id=12692]

Threads with active compile tasks:
C2 CompilerThread0     1450 1117 % !   4       java.util.concurrent.ConcurrentHashMap::transfer @ 96 (849 bytes)

VM state: not at safepoint (normal execution)

VM Mutex/Monitor currently owned by a thread: None

Heap address: 0x0000000084000000, size: 1984 MB, Compressed Oops mode: 32-bit

CDS archive(s) not mapped
Compressed class space mapped at: 0x0000000100000000-0x0000000140000000, reserved size: 1073741824
Narrow klass base: 0x0000000000000000, Narrow klass shift: 3, Narrow klass range: 0x140000000

GC Precious Log:
 CPUs: 8 total, 8 available
 Memory: 7932M
 Large Page Support: Disabled
 NUMA Support: Disabled
 Compressed Oops: Enabled (32-bit)
 Heap Region Size: 1M
 Heap Min Capacity: 8M
 Heap Initial Capacity: 124M
 Heap Max Capacity: 1984M
 Pre-touch: Disabled
 Parallel Workers: 8
 Concurrent Workers: 2
 Concurrent Refinement Workers: 8
 Periodic GC: Disabled

Heap:
 garbage-first heap   total 126976K, used 21420K [0x0000000084000000, 0x0000000100000000)
  region size 1024K, 16 young (16384K), 3 survivors (3072K)
 Metaspace       used 15788K, committed 16000K, reserved 1064960K
  class space    used 1853K, committed 1920K, reserved 1048576K

Heap Regions: E=young(eden), S=young(survivor), O=old, HS=humongous(starts), HC=humongous(continues), CS=collection set, F=free, OA=open archive, CA=closed archive, TAMS=top-at-mark-start (previous, next)
|   0|0x0000000084000000, 0x0000000084000000, 0x0000000084100000|  0%| F|  |TAMS 0x0000000084000000, 0x0000000084000000| Untracked 
|   1|0x0000000084100000, 0x0000000084100000, 0x0000000084200000|  0%| F|  |TAMS 0x0000000084100000, 0x0000000084100000| Untracked 
|   2|0x0000000084200000, 0x0000000084200000, 0x0000000084300000|  0%| F|  |TAMS 0x0000000084200000, 0x0000000084200000| Untracked 
|   3|0x0000000084300000, 0x0000000084400000, 0x0000000084400000|100%|HS|  |TAMS 0x0000000084300000, 0x0000000084300000| Complete 
|   4|0x0000000084400000, 0x0000000084500000, 0x0000000084500000|100%|HC|  |TAMS 0x0000000084400000, 0x0000000084400000| Complete 
|   5|0x0000000084500000, 0x0000000084600000, 0x0000000084600000|100%|HC|  |TAMS 0x0000000084500000, 0x0000000084500000| Complete 
|   6|0x0000000084600000, 0x0000000084700000, 0x0000000084700000|100%| O|  |TAMS 0x0000000084600000, 0x0000000084600000| Untracked 
|   7|0x0000000084700000, 0x0000000084800000, 0x0000000084800000|100%| O|  |TAMS 0x0000000084700000, 0x0000000084700000| Untracked 
|   8|0x0000000084800000, 0x00000000848eb000, 0x0000000084900000| 91%| O|  |TAMS 0x0000000084800000, 0x0000000084800000| Untracked 
|   9|0x0000000084900000, 0x0000000084900000, 0x0000000084a00000|  0%| F|  |TAMS 0x0000000084900000, 0x0000000084900000| Untracked 
|  10|0x0000000084a00000, 0x0000000084a00000, 0x0000000084b00000|  0%| F|  |TAMS 0x0000000084a00000, 0x0000000084a00000| Untracked 
|  11|0x0000000084b00000, 0x0000000084b00000, 0x0000000084c00000|  0%| F|  |TAMS 0x0000000084b00000, 0x0000000084b00000| Untracked 
|  12|0x0000000084c00000, 0x0000000084c00000, 0x0000000084d00000|  0%| F|  |TAMS 0x0000000084c00000, 0x0000000084c00000| Untracked 
|  13|0x0000000084d00000, 0x0000000084d00000, 0x0000000084e00000|  0%| F|  |TAMS 0x0000000084d00000, 0x0000000084d00000| Untracked 
|  14|0x0000000084e00000, 0x0000000084e00000, 0x0000000084f00000|  0%| F|  |TAMS 0x0000000084e00000, 0x0000000084e00000| Untracked 
|  15|0x0000000084f00000, 0x0000000084f00000, 0x0000000085000000|  0%| F|  |TAMS 0x0000000084f00000, 0x0000000084f00000| Untracked 
|  16|0x0000000085000000, 0x0000000085000000, 0x0000000085100000|  0%| F|  |TAMS 0x0000000085000000, 0x0000000085000000| Untracked 
|  17|0x0000000085100000, 0x0000000085100000, 0x0000000085200000|  0%| F|  |TAMS 0x0000000085100000, 0x0000000085100000| Untracked 
|  18|0x0000000085200000, 0x0000000085200000, 0x0000000085300000|  0%| F|  |TAMS 0x0000000085200000, 0x0000000085200000| Untracked 
|  19|0x0000000085300000, 0x0000000085300000, 0x0000000085400000|  0%| F|  |TAMS 0x0000000085300000, 0x0000000085300000| Untracked 
|  20|0x0000000085400000, 0x0000000085400000, 0x0000000085500000|  0%| F|  |TAMS 0x0000000085400000, 0x0000000085400000| Untracked 
|  21|0x0000000085500000, 0x0000000085500000, 0x0000000085600000|  0%| F|  |TAMS 0x0000000085500000, 0x0000000085500000| Untracked 
|  22|0x0000000085600000, 0x0000000085600000, 0x0000000085700000|  0%| F|  |TAMS 0x0000000085600000, 0x0000000085600000| Untracked 
|  23|0x0000000085700000, 0x0000000085700000, 0x0000000085800000|  0%| F|  |TAMS 0x0000000085700000, 0x0000000085700000| Untracked 
|  24|0x0000000085800000, 0x0000000085800000, 0x0000000085900000|  0%| F|  |TAMS 0x0000000085800000, 0x0000000085800000| Untracked 
|  25|0x0000000085900000, 0x0000000085900000, 0x0000000085a00000|  0%| F|  |TAMS 0x0000000085900000, 0x0000000085900000| Untracked 
|  26|0x0000000085a00000, 0x0000000085a00000, 0x0000000085b00000|  0%| F|  |TAMS 0x0000000085a00000, 0x0000000085a00000| Untracked 
|  27|0x0000000085b00000, 0x0000000085b00000, 0x0000000085c00000|  0%| F|  |TAMS 0x0000000085b00000, 0x0000000085b00000| Untracked 
|  28|0x0000000085c00000, 0x0000000085c00000, 0x0000000085d00000|  0%| F|  |TAMS 0x0000000085c00000, 0x0000000085c00000| Untracked 
|  29|0x0000000085d00000, 0x0000000085d00000, 0x0000000085e00000|  0%| F|  |TAMS 0x0000000085d00000, 0x0000000085d00000| Untracked 
|  30|0x0000000085e00000, 0x0000000085e00000, 0x0000000085f00000|  0%| F|  |TAMS 0x0000000085e00000, 0x0000000085e00000| Untracked 
|  31|0x0000000085f00000, 0x0000000085f00000, 0x0000000086000000|  0%| F|  |TAMS 0x0000000085f00000, 0x0000000085f00000| Untracked 
|  32|0x0000000086000000, 0x0000000086000000, 0x0000000086100000|  0%| F|  |TAMS 0x0000000086000000, 0x0000000086000000| Untracked 
|  33|0x0000000086100000, 0x0000000086100000, 0x0000000086200000|  0%| F|  |TAMS 0x0000000086100000, 0x0000000086100000| Untracked 
|  34|0x0000000086200000, 0x0000000086200000, 0x0000000086300000|  0%| F|  |TAMS 0x0000000086200000, 0x0000000086200000| Untracked 
|  35|0x0000000086300000, 0x0000000086300000, 0x0000000086400000|  0%| F|  |TAMS 0x0000000086300000, 0x0000000086300000| Untracked 
|  36|0x0000000086400000, 0x0000000086400000, 0x0000000086500000|  0%| F|  |TAMS 0x0000000086400000, 0x0000000086400000| Untracked 
|  37|0x0000000086500000, 0x0000000086500000, 0x0000000086600000|  0%| F|  |TAMS 0x0000000086500000, 0x0000000086500000| Untracked 
|  38|0x0000000086600000, 0x0000000086600000, 0x0000000086700000|  0%| F|  |TAMS 0x0000000086600000, 0x0000000086600000| Untracked 
|  39|0x0000000086700000, 0x0000000086700000, 0x0000000086800000|  0%| F|  |TAMS 0x0000000086700000, 0x0000000086700000| Untracked 
|  40|0x0000000086800000, 0x0000000086800000, 0x0000000086900000|  0%| F|  |TAMS 0x0000000086800000, 0x0000000086800000| Untracked 
|  41|0x0000000086900000, 0x0000000086900000, 0x0000000086a00000|  0%| F|  |TAMS 0x0000000086900000, 0x0000000086900000| Untracked 
|  42|0x0000000086a00000, 0x0000000086a00000, 0x0000000086b00000|  0%| F|  |TAMS 0x0000000086a00000, 0x0000000086a00000| Untracked 
|  43|0x0000000086b00000, 0x0000000086b00000, 0x0000000086c00000|  0%| F|  |TAMS 0x0000000086b00000, 0x0000000086b00000| Untracked 
|  44|0x0000000086c00000, 0x0000000086c00000, 0x0000000086d00000|  0%| F|  |TAMS 0x0000000086c00000, 0x0000000086c00000| Untracked 
|  45|0x0000000086d00000, 0x0000000086d00000, 0x0000000086e00000|  0%| F|  |TAMS 0x0000000086d00000, 0x0000000086d00000| Untracked 
|  46|0x0000000086e00000, 0x0000000086e00000, 0x0000000086f00000|  0%| F|  |TAMS 0x0000000086e00000, 0x0000000086e00000| Untracked 
|  47|0x0000000086f00000, 0x0000000086f00000, 0x0000000087000000|  0%| F|  |TAMS 0x0000000086f00000, 0x0000000086f00000| Untracked 
|  48|0x0000000087000000, 0x0000000087000000, 0x0000000087100000|  0%| F|  |TAMS 0x0000000087000000, 0x0000000087000000| Untracked 
|  49|0x0000000087100000, 0x0000000087100000, 0x0000000087200000|  0%| F|  |TAMS 0x0000000087100000, 0x0000000087100000| Untracked 
|  50|0x0000000087200000, 0x0000000087200000, 0x0000000087300000|  0%| F|  |TAMS 0x0000000087200000, 0x0000000087200000| Untracked 
|  51|0x0000000087300000, 0x0000000087300000, 0x0000000087400000|  0%| F|  |TAMS 0x0000000087300000, 0x0000000087300000| Untracked 
|  52|0x0000000087400000, 0x0000000087400000, 0x0000000087500000|  0%| F|  |TAMS 0x0000000087400000, 0x0000000087400000| Untracked 
|  53|0x0000000087500000, 0x0000000087500000, 0x0000000087600000|  0%| F|  |TAMS 0x0000000087500000, 0x0000000087500000| Untracked 
|  54|0x0000000087600000, 0x0000000087600000, 0x0000000087700000|  0%| F|  |TAMS 0x0000000087600000, 0x0000000087600000| Untracked 
|  55|0x0000000087700000, 0x0000000087700000, 0x0000000087800000|  0%| F|  |TAMS 0x0000000087700000, 0x0000000087700000| Untracked 
|  56|0x0000000087800000, 0x0000000087800000, 0x0000000087900000|  0%| F|  |TAMS 0x0000000087800000, 0x0000000087800000| Untracked 
|  57|0x0000000087900000, 0x0000000087900000, 0x0000000087a00000|  0%| F|  |TAMS 0x0000000087900000, 0x0000000087900000| Untracked 
|  58|0x0000000087a00000, 0x0000000087a00000, 0x0000000087b00000|  0%| F|  |TAMS 0x0000000087a00000, 0x0000000087a00000| Untracked 
|  59|0x0000000087b00000, 0x0000000087b00000, 0x0000000087c00000|  0%| F|  |TAMS 0x0000000087b00000, 0x0000000087b00000| Untracked 
|  60|0x0000000087c00000, 0x0000000087c00000, 0x0000000087d00000|  0%| F|  |TAMS 0x0000000087c00000, 0x0000000087c00000| Untracked 
|  61|0x0000000087d00000, 0x0000000087d00000, 0x0000000087e00000|  0%| F|  |TAMS 0x0000000087d00000, 0x0000000087d00000| Untracked 
|  62|0x0000000087e00000, 0x0000000087e00000, 0x0000000087f00000|  0%| F|  |TAMS 0x0000000087e00000, 0x0000000087e00000| Untracked 
|  63|0x0000000087f00000, 0x0000000087f00000, 0x0000000088000000|  0%| F|  |TAMS 0x0000000087f00000, 0x0000000087f00000| Untracked 
|  64|0x0000000088000000, 0x0000000088000000, 0x0000000088100000|  0%| F|  |TAMS 0x0000000088000000, 0x0000000088000000| Untracked 
|  65|0x0000000088100000, 0x0000000088100000, 0x0000000088200000|  0%| F|  |TAMS 0x0000000088100000, 0x0000000088100000| Untracked 
|  66|0x0000000088200000, 0x0000000088200000, 0x0000000088300000|  0%| F|  |TAMS 0x0000000088200000, 0x0000000088200000| Untracked 
|  67|0x0000000088300000, 0x0000000088300000, 0x0000000088400000|  0%| F|  |TAMS 0x0000000088300000, 0x0000000088300000| Untracked 
|  68|0x0000000088400000, 0x0000000088400000, 0x0000000088500000|  0%| F|  |TAMS 0x0000000088400000, 0x0000000088400000| Untracked 
|  69|0x0000000088500000, 0x0000000088500000, 0x0000000088600000|  0%| F|  |TAMS 0x0000000088500000, 0x0000000088500000| Untracked 
|  70|0x0000000088600000, 0x0000000088600000, 0x0000000088700000|  0%| F|  |TAMS 0x0000000088600000, 0x0000000088600000| Untracked 
|  71|0x0000000088700000, 0x0000000088700000, 0x0000000088800000|  0%| F|  |TAMS 0x0000000088700000, 0x0000000088700000| Untracked 
|  72|0x0000000088800000, 0x0000000088800000, 0x0000000088900000|  0%| F|  |TAMS 0x0000000088800000, 0x0000000088800000| Untracked 
|  73|0x0000000088900000, 0x0000000088900000, 0x0000000088a00000|  0%| F|  |TAMS 0x0000000088900000, 0x0000000088900000| Untracked 
|  74|0x0000000088a00000, 0x0000000088a00000, 0x0000000088b00000|  0%| F|  |TAMS 0x0000000088a00000, 0x0000000088a00000| Untracked 
|  75|0x0000000088b00000, 0x0000000088b00000, 0x0000000088c00000|  0%| F|  |TAMS 0x0000000088b00000, 0x0000000088b00000| Untracked 
|  76|0x0000000088c00000, 0x0000000088c00000, 0x0000000088d00000|  0%| F|  |TAMS 0x0000000088c00000, 0x0000000088c00000| Untracked 
|  77|0x0000000088d00000, 0x0000000088d00000, 0x0000000088e00000|  0%| F|  |TAMS 0x0000000088d00000, 0x0000000088d00000| Untracked 
|  78|0x0000000088e00000, 0x0000000088e00000, 0x0000000088f00000|  0%| F|  |TAMS 0x0000000088e00000, 0x0000000088e00000| Untracked 
|  79|0x0000000088f00000, 0x0000000088f00000, 0x0000000089000000|  0%| F|  |TAMS 0x0000000088f00000, 0x0000000088f00000| Untracked 
|  80|0x0000000089000000, 0x0000000089000000, 0x0000000089100000|  0%| F|  |TAMS 0x0000000089000000, 0x0000000089000000| Untracked 
|  81|0x0000000089100000, 0x0000000089100000, 0x0000000089200000|  0%| F|  |TAMS 0x0000000089100000, 0x0000000089100000| Untracked 
|  82|0x0000000089200000, 0x0000000089200000, 0x0000000089300000|  0%| F|  |TAMS 0x0000000089200000, 0x0000000089200000| Untracked 
|  83|0x0000000089300000, 0x0000000089300000, 0x0000000089400000|  0%| F|  |TAMS 0x0000000089300000, 0x0000000089300000| Untracked 
|  84|0x0000000089400000, 0x0000000089400000, 0x0000000089500000|  0%| F|  |TAMS 0x0000000089400000, 0x0000000089400000| Untracked 
|  85|0x0000000089500000, 0x0000000089500000, 0x0000000089600000|  0%| F|  |TAMS 0x0000000089500000, 0x0000000089500000| Untracked 
|  86|0x0000000089600000, 0x0000000089600000, 0x0000000089700000|  0%| F|  |TAMS 0x0000000089600000, 0x0000000089600000| Untracked 
|  87|0x0000000089700000, 0x0000000089700000, 0x0000000089800000|  0%| F|  |TAMS 0x0000000089700000, 0x0000000089700000| Untracked 
|  88|0x0000000089800000, 0x0000000089800000, 0x0000000089900000|  0%| F|  |TAMS 0x0000000089800000, 0x0000000089800000| Untracked 
|  89|0x0000000089900000, 0x0000000089900000, 0x0000000089a00000|  0%| F|  |TAMS 0x0000000089900000, 0x0000000089900000| Untracked 
|  90|0x0000000089a00000, 0x0000000089a00000, 0x0000000089b00000|  0%| F|  |TAMS 0x0000000089a00000, 0x0000000089a00000| Untracked 
|  91|0x0000000089b00000, 0x0000000089b00000, 0x0000000089c00000|  0%| F|  |TAMS 0x0000000089b00000, 0x0000000089b00000| Untracked 
|  92|0x0000000089c00000, 0x0000000089c00000, 0x0000000089d00000|  0%| F|  |TAMS 0x0000000089c00000, 0x0000000089c00000| Untracked 
|  93|0x0000000089d00000, 0x0000000089d00000, 0x0000000089e00000|  0%| F|  |TAMS 0x0000000089d00000, 0x0000000089d00000| Untracked 
|  94|0x0000000089e00000, 0x0000000089e00000, 0x0000000089f00000|  0%| F|  |TAMS 0x0000000089e00000, 0x0000000089e00000| Untracked 
|  95|0x0000000089f00000, 0x0000000089f00000, 0x000000008a000000|  0%| F|  |TAMS 0x0000000089f00000, 0x0000000089f00000| Untracked 
|  96|0x000000008a000000, 0x000000008a000000, 0x000000008a100000|  0%| F|  |TAMS 0x000000008a000000, 0x000000008a000000| Untracked 
|  97|0x000000008a100000, 0x000000008a100000, 0x000000008a200000|  0%| F|  |TAMS 0x000000008a100000, 0x000000008a100000| Untracked 
|  98|0x000000008a200000, 0x000000008a300000, 0x000000008a300000|100%| S|CS|TAMS 0x000000008a200000, 0x000000008a200000| Complete 
|  99|0x000000008a300000, 0x000000008a400000, 0x000000008a400000|100%| S|CS|TAMS 0x000000008a300000, 0x000000008a300000| Complete 
| 100|0x000000008a400000, 0x000000008a500000, 0x000000008a500000|100%| S|CS|TAMS 0x000000008a400000, 0x000000008a400000| Complete 
| 101|0x000000008a500000, 0x000000008a500000, 0x000000008a600000|  0%| F|  |TAMS 0x000000008a500000, 0x000000008a500000| Untracked 
| 102|0x000000008a600000, 0x000000008a600000, 0x000000008a700000|  0%| F|  |TAMS 0x000000008a600000, 0x000000008a600000| Untracked 
| 103|0x000000008a700000, 0x000000008a700000, 0x000000008a800000|  0%| F|  |TAMS 0x000000008a700000, 0x000000008a700000| Untracked 
| 104|0x000000008a800000, 0x000000008a800000, 0x000000008a900000|  0%| F|  |TAMS 0x000000008a800000, 0x000000008a800000| Untracked 
| 105|0x000000008a900000, 0x000000008a900000, 0x000000008aa00000|  0%| F|  |TAMS 0x000000008a900000, 0x000000008a900000| Untracked 
| 106|0x000000008aa00000, 0x000000008aa00000, 0x000000008ab00000|  0%| F|  |TAMS 0x000000008aa00000, 0x000000008aa00000| Untracked 
| 107|0x000000008ab00000, 0x000000008ab00000, 0x000000008ac00000|  0%| F|  |TAMS 0x000000008ab00000, 0x000000008ab00000| Untracked 
| 108|0x000000008ac00000, 0x000000008ac00000, 0x000000008ad00000|  0%| F|  |TAMS 0x000000008ac00000, 0x000000008ac00000| Untracked 
| 109|0x000000008ad00000, 0x000000008ad00000, 0x000000008ae00000|  0%| F|  |TAMS 0x000000008ad00000, 0x000000008ad00000| Untracked 
| 110|0x000000008ae00000, 0x000000008ae00000, 0x000000008af00000|  0%| F|  |TAMS 0x000000008ae00000, 0x000000008ae00000| Untracked 
| 111|0x000000008af00000, 0x000000008af81c10, 0x000000008b000000| 50%| E|  |TAMS 0x000000008af00000, 0x000000008af00000| Complete 
| 112|0x000000008b000000, 0x000000008b100000, 0x000000008b100000|100%| E|CS|TAMS 0x000000008b000000, 0x000000008b000000| Complete 
| 113|0x000000008b100000, 0x000000008b200000, 0x000000008b200000|100%| E|CS|TAMS 0x000000008b100000, 0x000000008b100000| Complete 
| 114|0x000000008b200000, 0x000000008b300000, 0x000000008b300000|100%| E|CS|TAMS 0x000000008b200000, 0x000000008b200000| Complete 
| 115|0x000000008b300000, 0x000000008b400000, 0x000000008b400000|100%| E|CS|TAMS 0x000000008b300000, 0x000000008b300000| Complete 
| 116|0x000000008b400000, 0x000000008b500000, 0x000000008b500000|100%| E|CS|TAMS 0x000000008b400000, 0x000000008b400000| Complete 
| 117|0x000000008b500000, 0x000000008b600000, 0x000000008b600000|100%| E|CS|TAMS 0x000000008b500000, 0x000000008b500000| Complete 
| 118|0x000000008b600000, 0x000000008b700000, 0x000000008b700000|100%| E|CS|TAMS 0x000000008b600000, 0x000000008b600000| Complete 
| 119|0x000000008b700000, 0x000000008b800000, 0x000000008b800000|100%| E|CS|TAMS 0x000000008b700000, 0x000000008b700000| Complete 
| 120|0x000000008b800000, 0x000000008b900000, 0x000000008b900000|100%| E|CS|TAMS 0x000000008b800000, 0x000000008b800000| Complete 
| 121|0x000000008b900000, 0x000000008ba00000, 0x000000008ba00000|100%| E|CS|TAMS 0x000000008b900000, 0x000000008b900000| Complete 
| 122|0x000000008ba00000, 0x000000008bb00000, 0x000000008bb00000|100%| E|CS|TAMS 0x000000008ba00000, 0x000000008ba00000| Complete 
| 123|0x000000008bb00000, 0x000000008bc00000, 0x000000008bc00000|100%| E|CS|TAMS 0x000000008bb00000, 0x000000008bb00000| Complete 

Card table byte_map: [0x00000161b5c90000,0x00000161b6070000] _byte_map_base: 0x00000161b5870000

Marking Bits (Prev, Next): (CMBitMap*) 0x00000161a3120b30, (CMBitMap*) 0x00000161a3120b70
 Prev Bits: [0x00000161b6450000, 0x00000161b8350000)
 Next Bits: [0x00000161b8350000, 0x00000161ba250000)

Polling page: 0x00000161a1000000

Metaspace:

Usage:
  Non-class:     13.61 MB used.
      Class:      1.81 MB used.
       Both:     15.42 MB used.

Virtual space:
  Non-class space:       16.00 MB reserved,      13.75 MB ( 86%) committed,  2 nodes.
      Class space:        1.00 GB reserved,       1.88 MB ( <1%) committed,  1 nodes.
             Both:        1.02 GB reserved,      15.62 MB (  2%) committed. 

Chunk freelists:
   Non-Class:  2.16 MB
       Class:  2.06 MB
        Both:  4.22 MB

MaxMetaspaceSize: unlimited
CompressedClassSpaceSize: 1.00 GB
Initial GC threshold: 21.00 MB
Current GC threshold: 21.00 MB
CDS: off
MetaspaceReclaimPolicy: balanced
 - commit_granule_bytes: 65536.
 - commit_granule_words: 8192.
 - virtual_space_node_default_size: 1048576.
 - enlarge_chunks_in_place: 1.
 - new_chunks_are_fully_committed: 0.
 - uncommit_free_chunks: 1.
 - use_allocation_guard: 0.
 - handle_deallocations: 1.


Internal statistics:

num_allocs_failed_limit: 0.
num_arena_births: 76.
num_arena_deaths: 0.
num_vsnodes_births: 3.
num_vsnodes_deaths: 0.
num_space_committed: 250.
num_space_uncommitted: 0.
num_chunks_returned_to_freelist: 0.
num_chunks_taken_from_freelist: 288.
num_chunk_merges: 0.
num_chunk_splits: 189.
num_chunks_enlarged: 162.
num_purges: 0.
num_inconsistent_stats: 0.

CodeHeap 'non-profiled nmethods': size=120000Kb used=437Kb max_used=437Kb free=119562Kb
 bounds [0x00000161ae030000, 0x00000161ae2a0000, 0x00000161b5560000]
CodeHeap 'profiled nmethods': size=120000Kb used=2122Kb max_used=2122Kb free=117877Kb
 bounds [0x00000161a6560000, 0x00000161a67d0000, 0x00000161ada90000]
CodeHeap 'non-nmethods': size=5760Kb used=1172Kb max_used=1184Kb free=4587Kb
 bounds [0x00000161ada90000, 0x00000161add00000, 0x00000161ae030000]
 total_blobs=1598 nmethods=1142 adapters=369
 compilation: enabled
              stopped_count=0, restarted_count=0
 full_count=0

Compilation events (20 events):
Event: 1.386 Thread 0x00000161bd8659c0 nmethod 1123 0x00000161a6764c90 code [0x00000161a6764fe0, 0x00000161a6766988]
Event: 1.386 Thread 0x00000161bd8659c0 1125       3       java.util.Collections::emptyIterator (4 bytes)
Event: 1.386 Thread 0x00000161bd8659c0 nmethod 1125 0x00000161a6767090 code [0x00000161a6767220, 0x00000161a6767318]
Event: 1.386 Thread 0x00000161bd8659c0 1124       3       java.security.Provider::getEngineName (49 bytes)
Event: 1.386 Thread 0x00000161bd8659c0 nmethod 1124 0x00000161a6767390 code [0x00000161a67675c0, 0x00000161a6767e38]
Event: 1.386 Thread 0x00000161bd8659c0 1126       3       java.io.ByteArrayOutputStream::ensureCapacity (32 bytes)
Event: 1.387 Thread 0x00000161bd8659c0 nmethod 1126 0x00000161a6768090 code [0x00000161a6768260, 0x00000161a6768618]
Event: 1.387 Thread 0x00000161bd864cf0 nmethod 1112 0x00000161ae09c410 code [0x00000161ae09c5c0, 0x00000161ae09c9d8]
Event: 1.387 Thread 0x00000161bd864cf0 1117 % !   4       java.util.concurrent.ConcurrentHashMap::transfer @ 96 (849 bytes)
Event: 1.391 Thread 0x00000161bd8659c0 1128       3       java.lang.Integer::hashCode (8 bytes)
Event: 1.391 Thread 0x00000161bd8659c0 nmethod 1128 0x00000161a6768790 code [0x00000161a6768920, 0x00000161a6768a78]
Event: 1.391 Thread 0x00000161bd8659c0 1129       3       java.lang.Integer::hashCode (2 bytes)
Event: 1.391 Thread 0x00000161bd8659c0 nmethod 1129 0x00000161a6768b10 code [0x00000161a6768ca0, 0x00000161a6768d98]
Event: 1.392 Thread 0x00000161bd8659c0 1130   !   3       java.util.zip.Inflater::finished (19 bytes)
Event: 1.392 Thread 0x00000161bd8659c0 nmethod 1130 0x00000161a6768e10 code [0x00000161a6768fa0, 0x00000161a6769198]
Event: 1.392 Thread 0x00000161bd8659c0 1131       3       jdk.internal.ref.PhantomCleanable::clean (16 bytes)
Event: 1.393 Thread 0x00000161bd8659c0 nmethod 1131 0x00000161a6769290 code [0x00000161a6769460, 0x00000161a6769728]
Event: 1.393 Thread 0x00000161bd8659c0 1132       3       java.nio.Buffer::limit (65 bytes)
Event: 1.393 Thread 0x00000161bd8659c0 nmethod 1132 0x00000161a6769810 code [0x00000161a67699c0, 0x00000161a6769c88]
Event: 1.394 Thread 0x00000161bd8659c0 1134       3       jdk.internal.org.objectweb.asm.MethodWriter::<init> (232 bytes)

GC Heap History (2 events):
Event: 0.832 GC heap before
{Heap before GC invocations=0 (full 0):
 garbage-first heap   total 126976K, used 28672K [0x0000000084000000, 0x0000000100000000)
  region size 1024K, 23 young (23552K), 0 survivors (0K)
 Metaspace       used 11290K, committed 11456K, reserved 1064960K
  class space    used 1197K, committed 1280K, reserved 1048576K
}
Event: 0.838 GC heap after
{Heap after GC invocations=1 (full 0):
 garbage-first heap   total 126976K, used 9132K [0x0000000084000000, 0x0000000100000000)
  region size 1024K, 3 young (3072K), 3 survivors (3072K)
 Metaspace       used 11290K, committed 11456K, reserved 1064960K
  class space    used 1197K, committed 1280K, reserved 1048576K
}

Dll operation events (2 events):
Event: 0.007 Loaded shared library C:\Program Files\Android\Android Studio\jbr\bin\java.dll
Event: 0.120 Loaded shared library C:\Program Files\Android\Android Studio\jbr\bin\verify.dll

Deoptimization events (20 events):
Event: 1.080 Thread 0x00000161a30c6a50 Uncommon trap: trap_request=0xffffffc6 fr.pc=0x00000161ae088fb4 relative=0x0000000000000554
Event: 1.080 Thread 0x00000161a30c6a50 Uncommon trap: reason=bimorphic_or_optimized_type_check action=maybe_recompile pc=0x00000161ae088fb4 method=java.util.concurrent.ConcurrentHashMap.get(Ljava/lang/Object;)Ljava/lang/Object; @ 149 c2
Event: 1.080 Thread 0x00000161a30c6a50 DEOPT PACKING pc=0x00000161ae088fb4 sp=0x00000045a55fa800
Event: 1.080 Thread 0x00000161a30c6a50 DEOPT UNPACKING pc=0x00000161adaea1a3 sp=0x00000045a55fa7a0 mode 2
Event: 1.110 Thread 0x00000161a30c6a50 DEOPT PACKING pc=0x00000161a65f0d65 sp=0x00000045a55f9d40
Event: 1.110 Thread 0x00000161a30c6a50 DEOPT UNPACKING pc=0x00000161adaeace3 sp=0x00000045a55f9190 mode 0
Event: 1.121 Thread 0x00000161a30c6a50 DEOPT PACKING pc=0x00000161a667c538 sp=0x00000045a55fa200
Event: 1.121 Thread 0x00000161a30c6a50 DEOPT UNPACKING pc=0x00000161adaeace3 sp=0x00000045a55f9718 mode 0
Event: 1.197 Thread 0x00000161a30c6a50 Uncommon trap: trap_request=0xffffff45 fr.pc=0x00000161ae079ff0 relative=0x0000000000001cb0
Event: 1.197 Thread 0x00000161a30c6a50 Uncommon trap: reason=unstable_if action=reinterpret pc=0x00000161ae079ff0 method=java.io.WinNTFileSystem.normalize(Ljava/lang/String;)Ljava/lang/String; @ 128 c2
Event: 1.197 Thread 0x00000161a30c6a50 DEOPT PACKING pc=0x00000161ae079ff0 sp=0x00000045a55fb820
Event: 1.197 Thread 0x00000161a30c6a50 DEOPT UNPACKING pc=0x00000161adaea1a3 sp=0x00000045a55fb808 mode 2
Event: 1.351 Thread 0x00000161a30c6a50 Uncommon trap: trap_request=0xffffff45 fr.pc=0x00000161ae064f4c relative=0x000000000000068c
Event: 1.351 Thread 0x00000161a30c6a50 Uncommon trap: reason=unstable_if action=reinterpret pc=0x00000161ae064f4c method=java.lang.AbstractStringBuilder.append(Ljava/lang/String;)Ljava/lang/AbstractStringBuilder; @ 1 c2
Event: 1.351 Thread 0x00000161a30c6a50 DEOPT PACKING pc=0x00000161ae064f4c sp=0x00000045a55fc590
Event: 1.351 Thread 0x00000161a30c6a50 DEOPT UNPACKING pc=0x00000161adaea1a3 sp=0x00000045a55fc510 mode 2
Event: 1.351 Thread 0x00000161a30c6a50 Uncommon trap: trap_request=0xffffff45 fr.pc=0x00000161ae085a64 relative=0x00000000000006a4
Event: 1.351 Thread 0x00000161a30c6a50 Uncommon trap: reason=unstable_if action=reinterpret pc=0x00000161ae085a64 method=java.lang.AbstractStringBuilder.append(Ljava/lang/String;)Ljava/lang/AbstractStringBuilder; @ 1 c2
Event: 1.351 Thread 0x00000161a30c6a50 DEOPT PACKING pc=0x00000161ae085a64 sp=0x00000045a55fc530
Event: 1.351 Thread 0x00000161a30c6a50 DEOPT UNPACKING pc=0x00000161adaea1a3 sp=0x00000045a55fc518 mode 2

Classes unloaded (0 events):
No events

Classes redefined (0 events):
No events

Internal exceptions (19 events):
Event: 0.276 Thread 0x00000161a30c6a50 Exception <a 'java/lang/NoSuchMethodError'{0x000000008b827008}: 'int java.lang.invoke.DirectMethodHandle$Holder.invokeStaticInit(java.lang.Object, java.lang.Object)'> (0x000000008b827008) 
thrown [s\src\hotspot\share\interpreter\linkResolver.cpp, line 771]
Event: 0.758 Thread 0x00000161a30c6a50 Exception <a 'java/lang/NoSuchMethodError'{0x000000008a7a1200}: 'void java.lang.invoke.DirectMethodHandle$Holder.invokeStatic(java.lang.Object, java.lang.Object)'> (0x000000008a7a1200) 
thrown [s\src\hotspot\share\interpreter\linkResolver.cpp, line 771]
Event: 0.789 Thread 0x00000161a30c6a50 Exception <a 'java/lang/NoClassDefFoundError'{0x000000008a627fc0}: org/slf4j/impl/StaticMarkerBinder> (0x000000008a627fc0) 
thrown [s\src\hotspot\share\classfile\systemDictionary.cpp, line 245]
Event: 0.799 Thread 0x00000161a30c6a50 Exception <a 'java/lang/NoSuchMethodError'{0x000000008a6c4400}: 'java.lang.Object java.lang.invoke.DirectMethodHandle$Holder.invokeVirtual(java.lang.Object, java.lang.Object, java.lang.Object, java.lang.Object, java.lang.Object, java.lang.Object, java.lang.Object)'> (0x000000008a6c4400) 
thrown [s\src\hotspot\share\interpreter\linkResolver.cpp, line 771]
Event: 0.801 Thread 0x00000161a30c6a50 Exception <a 'java/lang/NoSuchMethodError'{0x000000008a6d5f60}: 'java.lang.Object java.lang.invoke.Invokers$Holder.invoker(java.lang.Object, java.lang.Object, java.lang.Object)'> (0x000000008a6d5f60) 
thrown [s\src\hotspot\share\interpreter\linkResolver.cpp, line 771]
Event: 0.802 Thread 0x00000161a30c6a50 Exception <a 'java/lang/NoSuchMethodError'{0x000000008a6df008}: 'java.lang.Object java.lang.invoke.DirectMethodHandle$Holder.invokeStatic(java.lang.Object, java.lang.Object, int)'> (0x000000008a6df008) 
thrown [s\src\hotspot\share\interpreter\linkResolver.cpp, line 771]
Event: 0.804 Thread 0x00000161a30c6a50 Exception <a 'java/lang/NoSuchMethodError'{0x000000008a6eacf8}: 'void java.lang.invoke.DelegatingMethodHandle$Holder.delegate(java.lang.Object, java.lang.Object, int, java.lang.Object)'> (0x000000008a6eacf8) 
thrown [s\src\hotspot\share\interpreter\linkResolver.cpp, line 771]
Event: 0.804 Thread 0x00000161a30c6a50 Exception <a 'java/lang/NoSuchMethodError'{0x000000008a6ef080}: 'int java.lang.invoke.DirectMethodHandle$Holder.invokeSpecial(java.lang.Object, java.lang.Object, java.lang.Object)'> (0x000000008a6ef080) 
thrown [s\src\hotspot\share\interpreter\linkResolver.cpp, line 771]
Event: 0.806 Thread 0x00000161a30c6a50 Exception <a 'java/lang/NoSuchMethodError'{0x000000008a5026e0}: 'java.lang.Object java.lang.invoke.Invokers$Holder.invokeExact_MT(java.lang.Object, java.lang.Object, java.lang.Object, java.lang.Object)'> (0x000000008a5026e0) 
thrown [s\src\hotspot\share\interpreter\linkResolver.cpp, line 771]
Event: 0.949 Thread 0x00000161a30c6a50 Exception <a 'java/lang/NoSuchMethodError'{0x000000008b8669b8}: 'java.lang.Object java.lang.invoke.DirectMethodHandle$Holder.invokeInterface(java.lang.Object, java.lang.Object, java.lang.Object)'> (0x000000008b8669b8) 
thrown [s\src\hotspot\share\interpreter\linkResolver.cpp, line 771]
Event: 0.952 Thread 0x00000161a30c6a50 Exception <a 'java/lang/NoSuchMethodError'{0x000000008b888580}: 'void java.lang.invoke.DirectMethodHandle$Holder.invokeSpecial(java.lang.Object, java.lang.Object, java.lang.Object)'> (0x000000008b888580) 
thrown [s\src\hotspot\share\interpreter\linkResolver.cpp, line 771]
Event: 0.983 Thread 0x00000161a30c6a50 Implicit null exception at 0x00000161ae08488a to 0x00000161ae084dd0
Event: 0.983 Thread 0x00000161a30c6a50 Implicit null exception at 0x00000161ae06b00f to 0x00000161ae06b554
Event: 1.014 Thread 0x00000161a30c6a50 Exception <a 'java/lang/NoSuchMethodError'{0x000000008b626db0}: 'java.lang.Object java.lang.invoke.DirectMethodHandle$Holder.invokeStaticInit(java.lang.Object)'> (0x000000008b626db0) 
thrown [s\src\hotspot\share\interpreter\linkResolver.cpp, line 771]
Event: 1.132 Thread 0x00000161a30c6a50 Exception <a 'java/lang/NoSuchMethodError'{0x000000008b21c650}: 'java.lang.Object java.lang.invoke.DirectMethodHandle$Holder.invokeStaticInit(java.lang.Object, int, int, int, int)'> (0x000000008b21c650) 
thrown [s\src\hotspot\share\interpreter\linkResolver.cpp, line 771]
Event: 1.235 Thread 0x00000161a30c6a50 Exception <a 'java/lang/NoSuchMethodError'{0x000000008b285218}: 'java.lang.Object java.lang.invoke.DirectMethodHandle$Holder.invokeStaticInit(java.lang.Object, java.lang.Object, int, int, int, int)'> (0x000000008b285218) 
thrown [s\src\hotspot\share\interpreter\linkResolver.cpp, line 771]
Event: 1.338 Thread 0x00000161a30c6a50 Exception <a 'java/lang/NoSuchMethodError'{0x000000008b2b1f58}: 'void java.lang.invoke.DirectMethodHandle$Holder.invokeStatic(java.lang.Object, java.lang.Object, java.lang.Object)'> (0x000000008b2b1f58) 
thrown [s\src\hotspot\share\interpreter\linkResolver.cpp, line 771]
Event: 1.351 Thread 0x00000161a30c6a50 Implicit null exception at 0x00000161ae0648f2 to 0x00000161ae064f34
Event: 1.351 Thread 0x00000161a30c6a50 Implicit null exception at 0x00000161ae0853f2 to 0x00000161ae085a4c

VM Operations (10 events):
Event: 0.113 Executing VM operation: HandshakeAllThreads
Event: 0.113 Executing VM operation: HandshakeAllThreads done
Event: 0.802 Executing VM operation: HandshakeAllThreads
Event: 0.802 Executing VM operation: HandshakeAllThreads done
Event: 0.832 Executing VM operation: G1CollectForAllocation
Event: 0.838 Executing VM operation: G1CollectForAllocation done
Event: 1.094 Executing VM operation: HandshakeAllThreads
Event: 1.094 Executing VM operation: HandshakeAllThreads done
Event: 1.200 Executing VM operation: HandshakeAllThreads
Event: 1.200 Executing VM operation: HandshakeAllThreads done

Events (20 events):
Event: 1.387 loading class java/security/AuthProvider
Event: 1.387 loading class java/security/AuthProvider done
Event: 1.388 loading class java/security/PrivilegedActionException
Event: 1.388 loading class java/security/PrivilegedActionException done
Event: 1.388 loading class javax/security/auth/login/LoginException
Event: 1.388 loading class javax/security/auth/login/LoginException done
Event: 1.389 loading class javax/security/auth/login/FailedLoginException
Event: 1.389 loading class javax/security/auth/login/FailedLoginException done
Event: 1.389 loading class javax/security/auth/Subject
Event: 1.390 loading class javax/security/auth/Subject done
Event: 1.390 loading class javax/security/auth/callback/CallbackHandler
Event: 1.390 loading class javax/security/auth/callback/CallbackHandler done
Event: 1.393 loading class com/sun/security/sasl/Provider
Event: 1.393 loading class com/sun/security/sasl/Provider done
Event: 1.393 loading class com/sun/security/sasl/Provider$1
Event: 1.393 loading class com/sun/security/sasl/Provider$1 done
Event: 1.393 loading class com/sun/security/sasl/Provider$ProviderService
Event: 1.394 loading class com/sun/security/sasl/Provider$ProviderService done
Event: 1.394 loading class sun/security/provider/certpath/ldap/JdkLDAP
Event: 1.394 loading class sun/security/provider/certpath/ldap/JdkLDAP done


Dynamic libraries:
0x00007ff6a1100000 - 0x00007ff6a110a000 	C:\Program Files\Android\Android Studio\jbr\bin\java.exe
0x00007ffef7110000 - 0x00007ffef7327000 	C:\WINDOWS\SYSTEM32\ntdll.dll
0x00007ffef5460000 - 0x00007ffef5524000 	C:\WINDOWS\System32\KERNEL32.DLL
0x00007ffef4a00000 - 0x00007ffef4da6000 	C:\WINDOWS\System32\KERNELBASE.dll
0x00007ffef45e0000 - 0x00007ffef46f1000 	C:\WINDOWS\System32\ucrtbase.dll
0x00007ffed96a0000 - 0x00007ffed96bb000 	C:\Program Files\Android\Android Studio\jbr\bin\VCRUNTIME140.dll
0x00007ffedcd30000 - 0x00007ffedcd47000 	C:\Program Files\Android\Android Studio\jbr\bin\jli.dll
0x00007ffef52b0000 - 0x00007ffef545e000 	C:\WINDOWS\System32\USER32.dll
0x00007ffef4510000 - 0x00007ffef4536000 	C:\WINDOWS\System32\win32u.dll
0x00007ffef5080000 - 0x00007ffef50a9000 	C:\WINDOWS\System32\GDI32.dll
0x00007ffef4700000 - 0x00007ffef4818000 	C:\WINDOWS\System32\gdi32full.dll
0x00007ffedf190000 - 0x00007ffedf423000 	C:\WINDOWS\WinSxS\amd64_microsoft.windows.common-controls_6595b64144ccf1df_6.0.22621.2506_none_270c5ae97388e100\COMCTL32.dll
0x00007ffef4540000 - 0x00007ffef45da000 	C:\WINDOWS\System32\msvcp_win.dll
0x00007ffef4fd0000 - 0x00007ffef5077000 	C:\WINDOWS\System32\msvcrt.dll
0x00007ffef5530000 - 0x00007ffef5561000 	C:\WINDOWS\System32\IMM32.DLL
0x0000000053710000 - 0x000000005371c000 	C:\Program Files (x86)\360\Total Security\safemon\SafeWrapper.dll
0x00007ffef6040000 - 0x00007ffef60f3000 	C:\WINDOWS\System32\ADVAPI32.dll
0x00007ffef50b0000 - 0x00007ffef5158000 	C:\WINDOWS\System32\sechost.dll
0x00007ffef4db0000 - 0x00007ffef4dd8000 	C:\WINDOWS\System32\bcrypt.dll
0x00007ffef6100000 - 0x00007ffef6217000 	C:\WINDOWS\System32\RPCRT4.dll
0x00007ffecf520000 - 0x00007ffecf5b2000 	C:\Program Files (x86)\360\Total Security\safemon\libzdtp64.dll
0x00007ffef6870000 - 0x00007ffef70ca000 	C:\WINDOWS\System32\SHELL32.dll
0x00007ffef6220000 - 0x00007ffef627e000 	C:\WINDOWS\System32\SHLWAPI.dll
0x00007ffef3f10000 - 0x00007ffef3f1a000 	C:\WINDOWS\SYSTEM32\VERSION.dll
0x00007ffed3710000 - 0x00007ffed371c000 	C:\Program Files\Android\Android Studio\jbr\bin\vcruntime140_1.dll
0x00007ffeae2b0000 - 0x00007ffeae33d000 	C:\Program Files\Android\Android Studio\jbr\bin\msvcp140.dll
0x00007ffea8990000 - 0x00007ffea95fe000 	C:\Program Files\Android\Android Studio\jbr\bin\server\jvm.dll
0x00007ffeee5b0000 - 0x00007ffeee5b9000 	C:\WINDOWS\SYSTEM32\WSOCK32.dll
0x00007ffeea280000 - 0x00007ffeea2b4000 	C:\WINDOWS\SYSTEM32\WINMM.dll
0x00007ffef5570000 - 0x00007ffef55e1000 	C:\WINDOWS\System32\WS2_32.dll
0x00007ffef3410000 - 0x00007ffef3428000 	C:\WINDOWS\SYSTEM32\kernel.appcore.dll
0x00007ffee90a0000 - 0x00007ffee90aa000 	C:\Program Files\Android\Android Studio\jbr\bin\jimage.dll
0x00007ffef1d00000 - 0x00007ffef1f33000 	C:\WINDOWS\SYSTEM32\DBGHELP.DLL
0x00007ffef55f0000 - 0x00007ffef5979000 	C:\WINDOWS\System32\combase.dll
0x00007ffef5b80000 - 0x00007ffef5c57000 	C:\WINDOWS\System32\OLEAUT32.dll
0x00007ffedeed0000 - 0x00007ffedef02000 	C:\WINDOWS\SYSTEM32\dbgcore.DLL
0x00007ffef4de0000 - 0x00007ffef4e5a000 	C:\WINDOWS\System32\bcryptPrimitives.dll
0x00007ffedcea0000 - 0x00007ffedcec5000 	C:\Program Files\Android\Android Studio\jbr\bin\java.dll
0x00007ffedd1b0000 - 0x00007ffedd1c8000 	C:\Program Files\Android\Android Studio\jbr\bin\zip.dll
0x00007ffef2330000 - 0x00007ffef2c26000 	C:\WINDOWS\SYSTEM32\windows.storage.dll
0x00007ffef21f0000 - 0x00007ffef232e000 	C:\WINDOWS\SYSTEM32\wintypes.dll
0x00007ffef51b0000 - 0x00007ffef52a3000 	C:\WINDOWS\System32\SHCORE.dll
0x00007ffef4380000 - 0x00007ffef43a6000 	C:\WINDOWS\SYSTEM32\profapi.dll
0x00007ffedce60000 - 0x00007ffedce79000 	C:\Program Files\Android\Android Studio\jbr\bin\net.dll
0x00007ffeec220000 - 0x00007ffeec357000 	C:\WINDOWS\SYSTEM32\WINHTTP.dll
0x00007ffef3900000 - 0x00007ffef3969000 	C:\WINDOWS\system32\mswsock.dll
0x00007ffedce40000 - 0x00007ffedce56000 	C:\Program Files\Android\Android Studio\jbr\bin\nio.dll
0x00007ffee9090000 - 0x00007ffee90a0000 	C:\Program Files\Android\Android Studio\jbr\bin\verify.dll
0x00007ffed36e0000 - 0x00007ffed3707000 	C:\Users\39327\.gradle\native\e1d6ef7f7dcc3fd88c89a11ec53ec762bb8ba0a96d01ffa2cd45eb1d1d8dd5c5\windows-amd64\native-platform.dll
0x00007ffedcd20000 - 0x00007ffedcd29000 	C:\Program Files\Android\Android Studio\jbr\bin\management.dll
0x00007ffedc400000 - 0x00007ffedc40b000 	C:\Program Files\Android\Android Studio\jbr\bin\management_ext.dll
0x00007ffef4fc0000 - 0x00007ffef4fc8000 	C:\WINDOWS\System32\PSAPI.DLL
0x00007ffef3be0000 - 0x00007ffef3bfb000 	C:\WINDOWS\SYSTEM32\CRYPTSP.dll
0x00007ffef3370000 - 0x00007ffef33a5000 	C:\WINDOWS\system32\rsaenh.dll
0x00007ffef3a20000 - 0x00007ffef3a4c000 	C:\WINDOWS\SYSTEM32\USERENV.dll
0x00007ffef3bd0000 - 0x00007ffef3bdc000 	C:\WINDOWS\SYSTEM32\CRYPTBASE.dll
0x00007ffef2ed0000 - 0x00007ffef2efd000 	C:\WINDOWS\SYSTEM32\IPHLPAPI.DLL
0x00007ffef5a20000 - 0x00007ffef5a29000 	C:\WINDOWS\System32\NSI.dll
0x00007ffeeb9f0000 - 0x00007ffeeba09000 	C:\WINDOWS\SYSTEM32\dhcpcsvc6.DLL
0x00007ffeeb9c0000 - 0x00007ffeeb9df000 	C:\WINDOWS\SYSTEM32\dhcpcsvc.DLL
0x00007ffef2f00000 - 0x00007ffef2ff9000 	C:\WINDOWS\SYSTEM32\DNSAPI.dll
0x00007ffecd460000 - 0x00007ffecd468000 	C:\WINDOWS\system32\wshunix.dll

dbghelp: loaded successfully - version: 4.0.5 - missing functions: none
symbol engine: initialized successfully - sym options: 0x614 - pdb path: .;C:\Program Files\Android\Android Studio\jbr\bin;C:\WINDOWS\SYSTEM32;C:\WINDOWS\WinSxS\amd64_microsoft.windows.common-controls_6595b64144ccf1df_6.0.22621.2506_none_270c5ae97388e100;C:\Program Files (x86)\360\Total Security\safemon;C:\Program Files\Android\Android Studio\jbr\bin\server;C:\Users\39327\.gradle\native\e1d6ef7f7dcc3fd88c89a11ec53ec762bb8ba0a96d01ffa2cd45eb1d1d8dd5c5\windows-amd64

VM Arguments:
jvm_args: -Dorg.gradle.appname=gradlew 
java_command: org.gradle.wrapper.GradleWrapperMain -q -Ptarget-platform=android-x86 -Ptarget=C:\Users\39327\StudioProjects\islamii\lib\main.dart -Pbase-application-name=android.app.Application -Pdart-defines=Zmx1dHRlci5pbnNwZWN0b3Iuc3RydWN0dXJlZEVycm9ycz10cnVl,RkxVVFRFUl9XRUJfQVVUT19ERVRFQ1Q9dHJ1ZQ==,RkxVVFRFUl9XRUJfQ0FOVkFTS0lUX1VSTD1odHRwczovL3d3dy5nc3RhdGljLmNvbS9mbHV0dGVyLWNhbnZhc2tpdC8xYWM2MTFjNjRlYWRiZDkzYzVmNWFiYTU0OTRiOGZjM2IzNWVlOTUyLw== -Pdart-obfuscation=false -Ptrack-widget-creation=true -Ptree-shake-icons=false -Pfilesystem-scheme=org-dartlang-root assembleDebug
java_class_path (initial): C:\Users\39327\StudioProjects\islamii\android\\gradle\wrapper\gradle-wrapper.jar
Launcher Type: SUN_STANDARD

[Global flags]
     intx CICompilerCount                          = 4                                         {product} {ergonomic}
     uint ConcGCThreads                            = 2                                         {product} {ergonomic}
     uint G1ConcRefinementThreads                  = 8                                         {product} {ergonomic}
   size_t G1HeapRegionSize                         = 1048576                                   {product} {ergonomic}
    uintx GCDrainStackTargetSize                   = 64                                        {product} {ergonomic}
   size_t InitialHeapSize                          = 130023424                                 {product} {ergonomic}
   size_t MarkStackSize                            = 4194304                                   {product} {ergonomic}
   size_t MaxHeapSize                              = 2080374784                                {product} {ergonomic}
   size_t MaxNewSize                               = 1247805440                                {product} {ergonomic}
   size_t MinHeapDeltaBytes                        = 1048576                                   {product} {ergonomic}
   size_t MinHeapSize                              = 8388608                                   {product} {ergonomic}
    uintx NonNMethodCodeHeapSize                   = 5839372                                {pd product} {ergonomic}
    uintx NonProfiledCodeHeapSize                  = 122909434                              {pd product} {ergonomic}
    uintx ProfiledCodeHeapSize                     = 122909434                              {pd product} {ergonomic}
    uintx ReservedCodeCacheSize                    = 251658240                              {pd product} {ergonomic}
     bool SegmentedCodeCache                       = true                                      {product} {ergonomic}
   size_t SoftMaxHeapSize                          = 2080374784                             {manageable} {ergonomic}
     bool UseCompressedClassPointers               = true                           {product lp64_product} {ergonomic}
     bool UseCompressedOops                        = true                           {product lp64_product} {ergonomic}
     bool UseG1GC                                  = true                                      {product} {ergonomic}
     bool UseLargePagesIndividualAllocation        = false                                  {pd product} {ergonomic}

Logging:
Log output configuration:
 #0: stdout all=warning uptime,level,tags
 #1: stderr all=off uptime,level,tags

Environment Variables:
JAVA_HOME=C:\Program Files\Android\Android Studio\jbr
CLASSPATH=C:\Users\39327\StudioProjects\islamii\android\\gradle\wrapper\gradle-wrapper.jar
PATH=C:\Program Files\Android\Android Studio\jbr\bin;C:\Program Files\Common Files\Oracle\Java\javapath;C:\Program Files (x86)\Common Files\Oracle\Java\javapath;C:\windows\system32;C:\windows;C:\windows\System32\Wbem;C:\windows\System32\WindowsPowerShell\v1.0\;C:\windows\System32\OpenSSH\;C:\Program Files (x86)\NVIDIA Corporation\PhysX\Common;C:\Program Files\NVIDIA Corporation\NVIDIA NvDLISR;C:\Program Files\dotnet\;C:\Program Files\Java\jdk-20;C:\Program Files\Java\jdk-20\bin;C:\Program Files\Git\cmd;C:\WINDOWS\system32;C:\WINDOWS;C:\WINDOWS\System32\Wbem;C:\WINDOWS\System32\WindowsPowerShell\v1.0\;C:\WINDOWS\System32\OpenSSH\;C:\Users\39327\AppData\Local\Microsoft\WindowsApps;C:\Users\39327\.dotnet\tools;C:\Program Files\Java\jdk-20;C:\Program Files\Java\jdk-20\bin;C:\Users\39327\Downloads\Compressed\flutterSDK\flutter\bin;;C:\Users\39327\AppData\Local\Programs\Microsoft VS Code\bin;C:\Users\39327\Downloads\Compressed\flutterSDK\flutter\bin\mingit\cmd
USERNAME=39327
OS=Windows_NT
PROCESSOR_IDENTIFIER=Intel64 Family 6 Model 140 Stepping 1, GenuineIntel
TMP=C:\Users\39327\AppData\Local\Temp
TEMP=C:\Users\39327\AppData\Local\Temp


JNI global refs:
JNI global refs: 20, weak refs: 0

JNI global refs memory usage: 843, weak refs: 841


---------------  S Y S T E M  ---------------

OS:
 Windows 11 , 64 bit Build 22621 (10.0.22621.2506)
OS uptime: 0 days 21:04 hours

CPU: total 8 (initial active 8) (4 cores per cpu, 2 threads per core) family 6 model 140 stepping 1 microcode 0xac, cx8, cmov, fxsr, ht, mmx, 3dnowpref, sse, sse2, sse3, ssse3, sse4.1, sse4.2, popcnt, lzcnt, tsc, tscinvbit, avx, avx2, aes, erms, clmul, bmi1, bmi2, adx, avx512f, avx512dq, avx512cd, avx512bw, avx512vl, sha, fma, vzeroupper, avx512_vpopcntdq, avx512_vpclmulqdq, avx512_vaes, avx512_vnni, clflush, clflushopt, clwb, avx512_vbmi2, avx512_vbmi

Memory: 4k page, system-wide physical 7932M (316M free)
TotalPageFile size 16712M (AvailPageFile size 49M)
current process WorkingSet (physical memory assigned to process): 97M, peak: 97M
current process commit charge ("private bytes"): 226M, peak: 226M

vm_info: OpenJDK 64-Bit Server VM (17.0.6+0-b2043.56-10027231) for windows-amd64 JRE (17.0.6+0-b2043.56-10027231), built on Apr 28 2023 00:43:19 by "androidbuild" with MS VC++ 16.10 / 16.11 (VS2019)

END.
